{"meta": {"format": 3, "version": "7.13.3", "timestamp": "2026-02-04T14:35:52.220444", "branch_coverage": false, "show_contexts": false}, "files": {"src/__init__.py": {"executed_lines": [], "summary": {"covered_lines": 0, "num_statements": 0, "percent_covered": 100.0, "percent_covered_display": "100", "missing_lines": 0, "excluded_lines": 0, "percent_statements_covered": 100.0, "percent_statements_covered_display": "100"}, "missing_lines": [], "excluded_lines": [], "functions": {"": {"executed_lines": [], "summary": {"covered_lines": 0, "num_statements": 0, "percent_covered": 100.0, "percent_covered_display": "100", "missing_lines": 0, "excluded_lines": 0, "percent_statements_covered": 100.0, "percent_statements_covered_display": "100"}, "missing_lines": [], "excluded_lines": [], "start_line": 1}}, "classes": {"": {"executed_lines": [], "summary": {"covered_lines": 0, "num_statements": 0, "percent_covered": 100.0, "percent_covered_display": "100", "missing_lines": 0, "excluded_lines": 0, "percent_statements_covered": 100.0, "percent_statements_covered_display": "100"}, "missing_lines": [], "excluded_lines": [], "start_line": 1}}}, "src/adaptation.py": {"executed_lines": [10, 11, 12, 13, 14, 15, 17, 18, 19, 20, 21, 22, 23, 25, 29, 39, 42, 60, 75, 76, 77, 78, 81, 82, 84, 86, 95, 97, 98, 99, 100, 101, 102, 104, 106, 107, 109, 111, 113, 123, 124, 125, 128, 135, 136, 140, 142, 152, 153, 154, 157, 162, 163, 164, 167, 168, 169, 170, 173, 174, 175, 177, 179, 188, 192, 198, 202, 203, 205, 215, 216, 218, 219, 220, 223, 224, 225, 229, 235, 239, 240, 241, 242, 243, 245, 251, 261, 262, 266, 267, 268, 270, 271, 272, 273, 275, 277, 279, 286, 288, 301, 302, 304, 306, 308, 315, 317, 330, 331, 333, 335, 388, 397, 400, 401, 405, 406, 409, 410, 413, 416, 417, 424, 426, 439, 440, 442, 451, 454, 455, 459, 460, 463, 464, 468, 469, 470, 481, 484, 485, 492, 494, 507, 508, 514, 520, 523, 524, 537, 543, 548, 557, 558, 559, 561, 576], "summary": {"covered_lines": 156, "num_statements": 263, "percent_covered": 59.31558935361217, "percent_covered_display": "59", "missing_lines": 107, "excluded_lines": 0, "percent_statements_covered": 59.31558935361217, "percent_statements_covered_display": "59"}, "missing_lines": [137, 138, 158, 159, 189, 199, 227, 263, 264, 344, 345, 347, 348, 349, 351, 352, 353, 355, 356, 357, 359, 361, 363, 368, 370, 383, 384, 386, 398, 402, 407, 411, 452, 456, 461, 465, 471, 472, 473, 474, 475, 476, 478, 479, 521, 534, 535, 577, 578, 580, 585, 586, 587, 590, 591, 593, 594, 595, 596, 597, 598, 600, 601, 602, 603, 605, 608, 609, 619, 620, 621, 623, 624, 626, 629, 630, 640, 641, 642, 644, 645, 646, 647, 649, 652, 653, 663, 664, 665, 666, 667, 668, 669, 671, 674, 675, 685, 686, 687, 690, 691, 692, 693, 695, 696, 697, 700], "excluded_lines": [], "functions": {"AdaptationEngine.__init__": {"executed_lines": [75, 76, 77, 78, 81, 82, 84], "summary": {"covered_lines": 7, "num_statements": 7, "percent_covered": 100.0, "percent_covered_display": "100", "missing_lines": 0, "excluded_lines": 0, "percent_statements_covered": 100.0, "percent_statements_covered_display": "100"}, "missing_lines": [], "excluded_lines": [], "start_line": 60}, "AdaptationEngine.apply_insights": {"executed_lines": [95, 97, 98, 99, 100, 101, 102, 104, 106, 107, 109, 111], "summary": {"covered_lines": 12, "num_statements": 12, "percent_covered": 100.0, "percent_covered_display": "100", "missing_lines": 0, "excluded_lines": 0, "percent_statements_covered": 100.0, "percent_statements_covered_display": "100"}, "missing_lines": [], "excluded_lines": [], "start_line": 86}, "AdaptationEngine._apply_insight": {"executed_lines": [123, 124, 125, 128, 135, 136, 140], "summary": {"covered_lines": 7, "num_statements": 9, "percent_covered": 77.77777777777777, "percent_covered_display": "78", "missing_lines": 2, "excluded_lines": 0, "percent_statements_covered": 77.77777777777777, "percent_statements_covered_display": "78"}, "missing_lines": [137, 138], "excluded_lines": [], "start_line": 113}, "AdaptationEngine._should_apply": {"executed_lines": [152, 153, 154, 157, 162, 163, 164, 167, 168, 169, 170, 173, 174, 175, 177], "summary": {"covered_lines": 15, "num_statements": 17, "percent_covered": 88.23529411764706, "percent_covered_display": "88", "missing_lines": 2, "excluded_lines": 0, "percent_statements_covered": 88.23529411764706, "percent_statements_covered_display": "88"}, "missing_lines": [158, 159], "excluded_lines": [], "start_line": 142}, "AdaptationEngine._recently_applied": {"executed_lines": [188, 192, 198, 202, 203], "summary": {"covered_lines": 5, "num_statements": 7, "percent_covered": 71.42857142857143, "percent_covered_display": "71", "missing_lines": 2, "excluded_lines": 0, "percent_statements_covered": 71.42857142857143, "percent_statements_covered_display": "71"}, "missing_lines": [189, 199], "excluded_lines": [], "start_line": 179}, "AdaptationEngine._extract_coin": {"executed_lines": [215, 216, 218, 219, 220, 223, 224, 225], "summary": {"covered_lines": 8, "num_statements": 9, "percent_covered": 88.88888888888889, "percent_covered_display": "89", "missing_lines": 1, "excluded_lines": 0, "percent_statements_covered": 88.88888888888889, "percent_statements_covered_display": "89"}, "missing_lines": [227], "excluded_lines": [], "start_line": 205}, "AdaptationEngine._get_pre_metrics": {"executed_lines": [235, 239, 240, 241, 242, 243, 245], "summary": {"covered_lines": 7, "num_statements": 7, "percent_covered": 100.0, "percent_covered_display": "100", "missing_lines": 0, "excluded_lines": 0, "percent_statements_covered": 100.0, "percent_statements_covered_display": "100"}, "missing_lines": [], "excluded_lines": [], "start_line": 229}, "AdaptationEngine._apply_coin_insight": {"executed_lines": [261, 262, 266, 267, 268, 270, 271, 272, 273, 275, 277, 279, 286, 288, 301, 302, 304, 306, 308, 315, 317, 330, 331, 333], "summary": {"covered_lines": 24, "num_statements": 26, "percent_covered": 92.3076923076923, "percent_covered_display": "92", "missing_lines": 2, "excluded_lines": 0, "percent_statements_covered": 92.3076923076923, "percent_statements_covered_display": "92"}, "missing_lines": [263, 264], "excluded_lines": [], "start_line": 251}, "AdaptationEngine._apply_pattern_insight": {"executed_lines": [], "summary": {"covered_lines": 0, "num_statements": 19, "percent_covered": 0.0, "percent_covered_display": "0", "missing_lines": 19, "excluded_lines": 0, "percent_statements_covered": 0.0, "percent_statements_covered_display": "0"}, "missing_lines": [344, 345, 347, 348, 349, 351, 352, 353, 355, 356, 357, 359, 361, 363, 368, 370, 383, 384, 386], "excluded_lines": [], "start_line": 335}, "AdaptationEngine._apply_time_insight": {"executed_lines": [397, 400, 401, 405, 406, 409, 410, 413, 416, 417, 424, 426, 439, 440], "summary": {"covered_lines": 14, "num_statements": 18, "percent_covered": 77.77777777777777, "percent_covered_display": "78", "missing_lines": 4, "excluded_lines": 0, "percent_statements_covered": 77.77777777777777, "percent_statements_covered_display": "78"}, "missing_lines": [398, 402, 407, 411], "excluded_lines": [], "start_line": 388}, "AdaptationEngine._apply_regime_insight": {"executed_lines": [451, 454, 455, 459, 460, 463, 464, 468, 469, 470, 481, 484, 485, 492, 494, 507, 508], "summary": {"covered_lines": 17, "num_statements": 29, "percent_covered": 58.62068965517241, "percent_covered_display": "59", "missing_lines": 12, "excluded_lines": 0, "percent_statements_covered": 58.62068965517241, "percent_statements_covered_display": "59"}, "missing_lines": [452, 456, 461, 465, 471, 472, 473, 474, 475, 476, 478, 479], "excluded_lines": [], "start_line": 442}, "AdaptationEngine._log_adaptation": {"executed_lines": [520, 523, 524], "summary": {"covered_lines": 3, "num_statements": 6, "percent_covered": 50.0, "percent_covered_display": "50", "missing_lines": 3, "excluded_lines": 0, "percent_statements_covered": 50.0, "percent_statements_covered_display": "50"}, "missing_lines": [521, 534, 535], "excluded_lines": [], "start_line": 514}, "AdaptationEngine.get_stats": {"executed_lines": [543], "summary": {"covered_lines": 1, "num_statements": 1, "percent_covered": 100.0, "percent_covered_display": "100", "missing_lines": 0, "excluded_lines": 0, "percent_statements_covered": 100.0, "percent_statements_covered_display": "100"}, "missing_lines": [], "excluded_lines": [], "start_line": 537}, "AdaptationEngine.get_health": {"executed_lines": [557, 558, 559, 561], "summary": {"covered_lines": 4, "num_statements": 4, "percent_covered": 100.0, "percent_covered_display": "100", "missing_lines": 0, "excluded_lines": 0, "percent_statements_covered": 100.0, "percent_statements_covered_display": "100"}, "missing_lines": [], "excluded_lines": [], "start_line": 548}, "": {"executed_lines": [10, 11, 12, 13, 14, 15, 17, 18, 19, 20, 21, 22, 23, 25, 29, 39, 42, 60, 86, 113, 142, 179, 205, 229, 251, 335, 388, 442, 514, 537, 548, 576], "summary": {"covered_lines": 32, "num_statements": 92, "percent_covered": 34.78260869565217, "percent_covered_display": "35", "missing_lines": 60, "excluded_lines": 0, "percent_statements_covered": 34.78260869565217, "percent_statements_covered_display": "35"}, "missing_lines": [577, 578, 580, 585, 586, 587, 590, 591, 593, 594, 595, 596, 597, 598, 600, 601, 602, 603, 605, 608, 609, 619, 620, 621, 623, 624, 626, 629, 630, 640, 641, 642, 644, 645, 646, 647, 649, 652, 653, 663, 664, 665, 666, 667, 668, 669, 671, 674, 675, 685, 686, 687, 690, 691, 692, 693, 695, 696, 697, 700], "excluded_lines": [], "start_line": 1}}, "classes": {"AdaptationEngine": {"executed_lines": [75, 76, 77, 78, 81, 82, 84, 95, 97, 98, 99, 100, 101, 102, 104, 106, 107, 109, 111, 123, 124, 125, 128, 135, 136, 140, 152, 153, 154, 157, 162, 163, 164, 167, 168, 169, 170, 173, 174, 175, 177, 188, 192, 198, 202, 203, 215, 216, 218, 219, 220, 223, 224, 225, 235, 239, 240, 241, 242, 243, 245, 261, 262, 266, 267, 268, 270, 271, 272, 273, 275, 277, 279, 286, 288, 301, 302, 304, 306, 308, 315, 317, 330, 331, 333, 397, 400, 401, 405, 406, 409, 410, 413, 416, 417, 424, 426, 439, 440, 451, 454, 455, 459, 460, 463, 464, 468, 469, 470, 481, 484, 485, 492, 494, 507, 508, 520, 523, 524, 543, 557, 558, 559, 561], "summary": {"covered_lines": 124, "num_statements": 171, "percent_covered": 72.51461988304094, "percent_covered_display": "73", "missing_lines": 47, "excluded_lines": 0, "percent_statements_covered": 72.51461988304094, "percent_statements_covered_display": "73"}, "missing_lines": [137, 138, 158, 159, 189, 199, 227, 263, 264, 344, 345, 347, 348, 349, 351, 352, 353, 355, 356, 357, 359, 361, 363, 368, 370, 383, 384, 386, 398, 402, 407, 411, 452, 456, 461, 465, 471, 472, 473, 474, 475, 476, 478, 479, 521, 534, 535], "excluded_lines": [], "start_line": 42}, "": {"executed_lines": [10, 11, 12, 13, 14, 15, 17, 18, 19, 20, 21, 22, 23, 25, 29, 39, 42, 60, 86, 113, 142, 179, 205, 229, 251, 335, 388, 442, 514, 537, 548, 576], "summary": {"covered_lines": 32, "num_statements": 92, "percent_covered": 34.78260869565217, "percent_covered_display": "35", "missing_lines": 60, "excluded_lines": 0, "percent_statements_covered": 34.78260869565217, "percent_statements_covered_display": "35"}, "missing_lines": [577, 578, 580, 585, 586, 587, 590, 591, 593, 594, 595, 596, 597, 598, 600, 601, 602, 603, 605, 608, 609, 619, 620, 621, 623, 624, 626, 629, 630, 640, 641, 642, 644, 645, 646, 647, 649, 652, 653, 663, 664, 665, 666, 667, 668, 669, 671, 674, 675, 685, 686, 687, 690, 691, 692, 693, 695, 696, 697, 700], "excluded_lines": [], "start_line": 1}}}, "src/analysis/__init__.py": {"executed_lines": [10, 18, 26, 33], "summary": {"covered_lines": 4, "num_statements": 4, "percent_covered": 100.0, "percent_covered_display": "100", "missing_lines": 0, "excluded_lines": 0, "percent_statements_covered": 100.0, "percent_statements_covered_display": "100"}, "missing_lines": [], "excluded_lines": [], "functions": {"": {"executed_lines": [10, 18, 26, 33], "summary": {"covered_lines": 4, "num_statements": 4, "percent_covered": 100.0, "percent_covered_display": "100", "missing_lines": 0, "excluded_lines": 0, "percent_statements_covered": 100.0, "percent_statements_covered_display": "100"}, "missing_lines": [], "excluded_lines": [], "start_line": 1}}, "classes": {"": {"executed_lines": [10, 18, 26, 33], "summary": {"covered_lines": 4, "num_statements": 4, "percent_covered": 100.0, "percent_covered_display": "100", "missing_lines": 0, "excluded_lines": 0, "percent_statements_covered": 100.0, "percent_statements_covered_display": "100"}, "missing_lines": [], "excluded_lines": [], "start_line": 1}}}, "src/analysis/learning.py": {"executed_lines": [11, 12, 13, 15, 18, 29, 38, 39, 40, 43, 118, 119, 121, 124, 134, 149, 150, 151, 154, 216, 217, 219, 222, 233, 242, 243, 244, 246, 301, 302, 304, 307, 318, 333, 334, 336, 337, 340, 341, 343, 347, 349, 353, 356, 357, 359, 363, 366, 367, 369, 373, 376, 423, 424, 426, 429, 447, 448, 456, 457, 466, 467, 468, 470, 471, 478, 479, 484, 489, 490, 499, 505, 506, 507, 518], "summary": {"covered_lines": 75, "num_statements": 217, "percent_covered": 34.56221198156682, "percent_covered_display": "35", "missing_lines": 142, "excluded_lines": 0, "percent_statements_covered": 34.56221198156682, "percent_statements_covered_display": "35"}, "missing_lines": [49, 50, 52, 53, 54, 57, 58, 59, 60, 62, 63, 64, 66, 74, 75, 76, 77, 78, 79, 80, 81, 84, 85, 86, 88, 89, 91, 92, 93, 95, 96, 99, 101, 102, 103, 104, 105, 106, 107, 108, 110, 111, 113, 114, 116, 161, 162, 164, 166, 167, 170, 171, 174, 175, 176, 177, 178, 179, 180, 181, 182, 183, 184, 185, 186, 187, 188, 189, 190, 191, 193, 195, 198, 199, 209, 210, 211, 212, 214, 252, 253, 255, 256, 258, 259, 260, 262, 272, 273, 274, 275, 276, 277, 280, 281, 283, 285, 286, 288, 291, 292, 293, 294, 296, 297, 299, 380, 382, 386, 389, 390, 393, 397, 401, 403, 407, 409, 413, 415, 458, 459, 460, 461, 463, 469, 472, 473, 475, 481, 491, 492, 493, 494, 496, 508, 509, 510, 511, 512, 513, 515, 516], "excluded_lines": [], "functions": {"analyze_coin_score_accuracy": {"executed_lines": [29, 38, 39, 40, 43, 118, 119, 121], "summary": {"covered_lines": 8, "num_statements": 53, "percent_covered": 15.09433962264151, "percent_covered_display": "15", "missing_lines": 45, "excluded_lines": 0, "percent_statements_covered": 15.09433962264151, "percent_statements_covered_display": "15"}, "missing_lines": [49, 50, 52, 53, 54, 57, 58, 59, 60, 62, 63, 64, 66, 74, 75, 76, 77, 78, 79, 80, 81, 84, 85, 86, 88, 89, 91, 92, 93, 95, 96, 99, 101, 102, 103, 104, 105, 106, 107, 108, 110, 111, 113, 114, 116], "excluded_lines": [], "start_line": 18}, "analyze_adaptation_effectiveness": {"executed_lines": [134, 149, 150, 151, 154, 216, 217, 219], "summary": {"covered_lines": 8, "num_statements": 42, "percent_covered": 19.047619047619047, "percent_covered_display": "19", "missing_lines": 34, "excluded_lines": 0, "percent_statements_covered": 19.047619047619047, "percent_statements_covered_display": "19"}, "missing_lines": [161, 162, 164, 166, 167, 170, 171, 174, 175, 176, 177, 178, 179, 180, 181, 182, 183, 184, 185, 186, 187, 188, 189, 190, 191, 193, 195, 198, 199, 209, 210, 211, 212, 214], "excluded_lines": [], "start_line": 124}, "analyze_pattern_confidence_accuracy": {"executed_lines": [233, 242, 243, 244, 246, 301, 302, 304], "summary": {"covered_lines": 8, "num_statements": 35, "percent_covered": 22.857142857142858, "percent_covered_display": "23", "missing_lines": 27, "excluded_lines": 0, "percent_statements_covered": 22.857142857142858, "percent_statements_covered_display": "23"}, "missing_lines": [252, 253, 255, 256, 258, 259, 260, 262, 272, 273, 274, 275, 276, 277, 280, 281, 283, 285, 286, 288, 291, 292, 293, 294, 296, 297, 299], "excluded_lines": [], "start_line": 222}, "analyze_knowledge_growth": {"executed_lines": [318, 333, 334, 336, 337, 340, 341, 343, 347, 349, 353, 356, 357, 359, 363, 366, 367, 369, 373, 376, 423, 424, 426], "summary": {"covered_lines": 23, "num_statements": 36, "percent_covered": 63.888888888888886, "percent_covered_display": "64", "missing_lines": 13, "excluded_lines": 0, "percent_statements_covered": 63.888888888888886, "percent_statements_covered_display": "64"}, "missing_lines": [380, 382, 386, 389, 390, 393, 397, 401, 403, 407, 409, 413, 415], "excluded_lines": [], "start_line": 307}, "calculate_learning_score": {"executed_lines": [447, 448, 456, 457, 466, 467, 468, 470, 471, 478, 479, 484, 489, 490, 499, 505, 506, 507, 518], "summary": {"covered_lines": 19, "num_statements": 42, "percent_covered": 45.23809523809524, "percent_covered_display": "45", "missing_lines": 23, "excluded_lines": 0, "percent_statements_covered": 45.23809523809524, "percent_statements_covered_display": "45"}, "missing_lines": [458, 459, 460, 461, 463, 469, 472, 473, 475, 481, 491, 492, 493, 494, 496, 508, 509, 510, 511, 512, 513, 515, 516], "excluded_lines": [], "start_line": 429}, "": {"executed_lines": [11, 12, 13, 15, 18, 124, 222, 307, 429], "summary": {"covered_lines": 9, "num_statements": 9, "percent_covered": 100.0, "percent_covered_display": "100", "missing_lines": 0, "excluded_lines": 0, "percent_statements_covered": 100.0, "percent_statements_covered_display": "100"}, "missing_lines": [], "excluded_lines": [], "start_line": 1}}, "classes": {"": {"executed_lines": [11, 12, 13, 15, 18, 29, 38, 39, 40, 43, 118, 119, 121, 124, 134, 149, 150, 151, 154, 216, 217, 219, 222, 233, 242, 243, 244, 246, 301, 302, 304, 307, 318, 333, 334, 336, 337, 340, 341, 343, 347, 349, 353, 356, 357, 359, 363, 366, 367, 369, 373, 376, 423, 424, 426, 429, 447, 448, 456, 457, 466, 467, 468, 470, 471, 478, 479, 484, 489, 490, 499, 505, 506, 507, 518], "summary": {"covered_lines": 75, "num_statements": 217, "percent_covered": 34.56221198156682, "percent_covered_display": "35", "missing_lines": 142, "excluded_lines": 0, "percent_statements_covered": 34.56221198156682, "percent_statements_covered_display": "35"}, "missing_lines": [49, 50, 52, 53, 54, 57, 58, 59, 60, 62, 63, 64, 66, 74, 75, 76, 77, 78, 79, 80, 81, 84, 85, 86, 88, 89, 91, 92, 93, 95, 96, 99, 101, 102, 103, 104, 105, 106, 107, 108, 110, 111, 113, 114, 116, 161, 162, 164, 166, 167, 170, 171, 174, 175, 176, 177, 178, 179, 180, 181, 182, 183, 184, 185, 186, 187, 188, 189, 190, 191, 193, 195, 198, 199, 209, 210, 211, 212, 214, 252, 253, 255, 256, 258, 259, 260, 262, 272, 273, 274, 275, 276, 277, 280, 281, 283, 285, 286, 288, 291, 292, 293, 294, 296, 297, 299, 380, 382, 386, 389, 390, 393, 397, 401, 403, 407, 409, 413, 415, 458, 459, 460, 461, 463, 469, 472, 473, 475, 481, 491, 492, 493, 494, 496, 508, 509, 510, 511, 512, 513, 515, 516], "excluded_lines": [], "start_line": 1}}}, "src/analysis/metrics.py": {"executed_lines": [10, 11, 12, 13, 16, 17, 21, 22, 23, 24, 27, 30, 31, 32, 33, 36, 37, 38, 39, 42, 43, 46, 47, 48, 51, 52, 55, 56, 57, 59, 61, 86, 88, 98, 101, 115, 117, 118, 121, 126, 129, 130, 131, 133, 134, 135, 138, 139, 140, 141, 142, 143, 144, 145, 146, 147, 149, 152, 153, 154, 157, 158, 159, 160, 161, 164, 165, 168, 169, 172, 175, 180, 181, 183, 184, 186, 187, 189, 190, 193, 194, 195, 198, 199, 200, 201, 202, 205, 206, 207, 208, 211, 214, 216, 217, 219, 222, 233, 234, 235, 238, 256, 257, 260, 261, 262, 264, 265, 268, 271, 274, 275, 277, 280, 290, 291, 293, 294, 295, 297, 298, 299, 301, 302, 304, 305, 306, 308, 311, 322, 323, 325, 326, 327, 329, 332], "summary": {"covered_lines": 136, "num_statements": 155, "percent_covered": 87.74193548387096, "percent_covered_display": "88", "missing_lines": 19, "excluded_lines": 0, "percent_statements_covered": 87.74193548387096, "percent_statements_covered_display": "88"}, "missing_lines": [162, 163, 212, 213, 342, 344, 346, 347, 348, 350, 351, 352, 353, 354, 355, 356, 357, 360, 361], "excluded_lines": [], "functions": {"TradingMetrics.to_dict": {"executed_lines": [61], "summary": {"covered_lines": 1, "num_statements": 1, "percent_covered": 100.0, "percent_covered_display": "100", "missing_lines": 0, "excluded_lines": 0, "percent_statements_covered": 100.0, "percent_statements_covered_display": "100"}, "missing_lines": [], "excluded_lines": [], "start_line": 59}, "TradingMetrics.summary": {"executed_lines": [88, 98], "summary": {"covered_lines": 2, "num_statements": 2, "percent_covered": 100.0, "percent_covered_display": "100", "missing_lines": 0, "excluded_lines": 0, "percent_statements_covered": 100.0, "percent_statements_covered_display": "100"}, "missing_lines": [], "excluded_lines": [], "start_line": 86}, "calculate_metrics": {"executed_lines": [115, 117, 118, 121, 126, 129, 130, 131, 133, 134, 135, 138, 139, 140, 141, 142, 143, 144, 145, 146, 147, 149, 152, 153, 154, 157, 158, 159, 160, 161, 164, 165, 168, 169, 172, 175, 180, 181, 183, 184, 186, 187, 189, 190, 193, 194, 195, 198, 199, 200, 201, 202, 205, 206, 207, 208, 211, 214, 216, 217, 219], "summary": {"covered_lines": 61, "num_statements": 65, "percent_covered": 93.84615384615384, "percent_covered_display": "94", "missing_lines": 4, "excluded_lines": 0, "percent_statements_covered": 93.84615384615384, "percent_statements_covered_display": "94"}, "missing_lines": [162, 163, 212, 213], "excluded_lines": [], "start_line": 101}, "calculate_profit_factor": {"executed_lines": [233, 234, 235], "summary": {"covered_lines": 3, "num_statements": 3, "percent_covered": 100.0, "percent_covered_display": "100", "missing_lines": 0, "excluded_lines": 0, "percent_statements_covered": 100.0, "percent_statements_covered_display": "100"}, "missing_lines": [], "excluded_lines": [], "start_line": 222}, "calculate_sharpe_ratio": {"executed_lines": [256, 257, 260, 261, 262, 264, 265, 268, 271, 274, 275, 277], "summary": {"covered_lines": 12, "num_statements": 12, "percent_covered": 100.0, "percent_covered_display": "100", "missing_lines": 0, "excluded_lines": 0, "percent_statements_covered": 100.0, "percent_statements_covered_display": "100"}, "missing_lines": [], "excluded_lines": [], "start_line": 238}, "calculate_max_drawdown": {"executed_lines": [290, 291, 293, 294, 295, 297, 298, 299, 301, 302, 304, 305, 306, 308], "summary": {"covered_lines": 14, "num_statements": 14, "percent_covered": 100.0, "percent_covered_display": "100", "missing_lines": 0, "excluded_lines": 0, "percent_statements_covered": 100.0, "percent_statements_covered_display": "100"}, "missing_lines": [], "excluded_lines": [], "start_line": 280}, "build_equity_curve": {"executed_lines": [322, 323, 325, 326, 327, 329], "summary": {"covered_lines": 6, "num_statements": 6, "percent_covered": 100.0, "percent_covered_display": "100", "missing_lines": 0, "excluded_lines": 0, "percent_statements_covered": 100.0, "percent_statements_covered_display": "100"}, "missing_lines": [], "excluded_lines": [], "start_line": 311}, "calculate_daily_returns": {"executed_lines": [], "summary": {"covered_lines": 0, "num_statements": 15, "percent_covered": 0.0, "percent_covered_display": "0", "missing_lines": 15, "excluded_lines": 0, "percent_statements_covered": 0.0, "percent_statements_covered_display": "0"}, "missing_lines": [342, 344, 346, 347, 348, 350, 351, 352, 353, 354, 355, 356, 357, 360, 361], "excluded_lines": [], "start_line": 332}, "": {"executed_lines": [10, 11, 12, 13, 16, 17, 21, 22, 23, 24, 27, 30, 31, 32, 33, 36, 37, 38, 39, 42, 43, 46, 47, 48, 51, 52, 55, 56, 57, 59, 86, 101, 222, 238, 280, 311, 332], "summary": {"covered_lines": 37, "num_statements": 37, "percent_covered": 100.0, "percent_covered_display": "100", "missing_lines": 0, "excluded_lines": 0, "percent_statements_covered": 100.0, "percent_statements_covered_display": "100"}, "missing_lines": [], "excluded_lines": [], "start_line": 1}}, "classes": {"TradingMetrics": {"executed_lines": [61, 88, 98], "summary": {"covered_lines": 3, "num_statements": 3, "percent_covered": 100.0, "percent_covered_display": "100", "missing_lines": 0, "excluded_lines": 0, "percent_statements_covered": 100.0, "percent_statements_covered_display": "100"}, "missing_lines": [], "excluded_lines": [], "start_line": 17}, "": {"executed_lines": [10, 11, 12, 13, 16, 17, 21, 22, 23, 24, 27, 30, 31, 32, 33, 36, 37, 38, 39, 42, 43, 46, 47, 48, 51, 52, 55, 56, 57, 59, 86, 101, 115, 117, 118, 121, 126, 129, 130, 131, 133, 134, 135, 138, 139, 140, 141, 142, 143, 144, 145, 146, 147, 149, 152, 153, 154, 157, 158, 159, 160, 161, 164, 165, 168, 169, 172, 175, 180, 181, 183, 184, 186, 187, 189, 190, 193, 194, 195, 198, 199, 200, 201, 202, 205, 206, 207, 208, 211, 214, 216, 217, 219, 222, 233, 234, 235, 238, 256, 257, 260, 261, 262, 264, 265, 268, 271, 274, 275, 277, 280, 290, 291, 293, 294, 295, 297, 298, 299, 301, 302, 304, 305, 306, 308, 311, 322, 323, 325, 326, 327, 329, 332], "summary": {"covered_lines": 133, "num_statements": 152, "percent_covered": 87.5, "percent_covered_display": "88", "missing_lines": 19, "excluded_lines": 0, "percent_statements_covered": 87.5, "percent_statements_covered_display": "88"}, "missing_lines": [162, 163, 212, 213, 342, 344, 346, 347, 348, 350, 351, 352, 353, 354, 355, 356, 357, 360, 361], "excluded_lines": [], "start_line": 1}}}, "src/analysis/performance.py": {"executed_lines": [11, 12, 13, 15, 18, 28, 30, 31, 32, 33, 34, 35, 38, 39, 41, 44, 54, 56, 57, 58, 60, 63, 73, 75, 76, 77, 79, 82, 109, 146, 160, 168, 174, 175, 176, 177, 194, 195, 198, 212, 219, 260, 271, 276, 280, 286, 287, 289, 301, 312, 316, 318, 319, 320, 322, 323, 324, 325, 329, 330, 332, 333, 335], "summary": {"covered_lines": 63, "num_statements": 120, "percent_covered": 52.5, "percent_covered_display": "52", "missing_lines": 57, "excluded_lines": 0, "percent_statements_covered": 52.5, "percent_statements_covered_display": "52"}, "missing_lines": [36, 37, 92, 93, 95, 96, 97, 98, 99, 100, 101, 102, 103, 104, 106, 124, 126, 127, 128, 129, 130, 131, 132, 133, 134, 135, 136, 137, 138, 140, 141, 143, 161, 179, 180, 181, 182, 183, 184, 185, 186, 187, 188, 189, 190, 192, 230, 235, 236, 239, 245, 246, 248, 277, 313, 326, 327], "excluded_lines": [], "functions": {"analyze_by_hour": {"executed_lines": [28, 30, 31, 32, 33, 34, 35, 38, 39, 41], "summary": {"covered_lines": 10, "num_statements": 12, "percent_covered": 83.33333333333333, "percent_covered_display": "83", "missing_lines": 2, "excluded_lines": 0, "percent_statements_covered": 83.33333333333333, "percent_statements_covered_display": "83"}, "missing_lines": [36, 37], "excluded_lines": [], "start_line": 18}, "analyze_by_coin": {"executed_lines": [54, 56, 57, 58, 60], "summary": {"covered_lines": 5, "num_statements": 5, "percent_covered": 100.0, "percent_covered_display": "100", "missing_lines": 0, "excluded_lines": 0, "percent_statements_covered": 100.0, "percent_statements_covered_display": "100"}, "missing_lines": [], "excluded_lines": [], "start_line": 44}, "analyze_by_pattern": {"executed_lines": [73, 75, 76, 77, 79], "summary": {"covered_lines": 5, "num_statements": 5, "percent_covered": 100.0, "percent_covered_display": "100", "missing_lines": 0, "excluded_lines": 0, "percent_statements_covered": 100.0, "percent_statements_covered_display": "100"}, "missing_lines": [], "excluded_lines": [], "start_line": 63}, "analyze_by_day": {"executed_lines": [], "summary": {"covered_lines": 0, "num_statements": 13, "percent_covered": 0.0, "percent_covered_display": "0", "missing_lines": 13, "excluded_lines": 0, "percent_statements_covered": 0.0, "percent_statements_covered_display": "0"}, "missing_lines": [92, 93, 95, 96, 97, 98, 99, 100, 101, 102, 103, 104, 106], "excluded_lines": [], "start_line": 82}, "analyze_by_session": {"executed_lines": [], "summary": {"covered_lines": 0, "num_statements": 17, "percent_covered": 0.0, "percent_covered_display": "0", "missing_lines": 17, "excluded_lines": 0, "percent_statements_covered": 0.0, "percent_statements_covered_display": "0"}, "missing_lines": [124, 126, 127, 128, 129, 130, 131, 132, 133, 134, 135, 136, 137, 138, 140, 141, 143], "excluded_lines": [], "start_line": 109}, "compare_periods": {"executed_lines": [160, 168, 174, 175, 176, 177, 194, 195, 198, 212], "summary": {"covered_lines": 10, "num_statements": 24, "percent_covered": 41.666666666666664, "percent_covered_display": "42", "missing_lines": 14, "excluded_lines": 0, "percent_statements_covered": 41.666666666666664, "percent_statements_covered_display": "42"}, "missing_lines": [161, 179, 180, 181, 182, 183, 184, 185, 186, 187, 188, 189, 190, 192], "excluded_lines": [], "start_line": 146}, "get_best_worst_hours": {"executed_lines": [], "summary": {"covered_lines": 0, "num_statements": 7, "percent_covered": 0.0, "percent_covered_display": "0", "missing_lines": 7, "excluded_lines": 0, "percent_statements_covered": 0.0, "percent_statements_covered_display": "0"}, "missing_lines": [230, 235, 236, 239, 245, 246, 248], "excluded_lines": [], "start_line": 219}, "get_best_worst_coins": {"executed_lines": [271, 276, 280, 286, 287, 289], "summary": {"covered_lines": 6, "num_statements": 7, "percent_covered": 85.71428571428571, "percent_covered_display": "86", "missing_lines": 1, "excluded_lines": 0, "percent_statements_covered": 85.71428571428571, "percent_statements_covered_display": "86"}, "missing_lines": [277], "excluded_lines": [], "start_line": 260}, "calculate_consistency": {"executed_lines": [312, 316, 318, 319, 320, 322, 323, 324, 325, 329, 330, 332, 333, 335], "summary": {"covered_lines": 14, "num_statements": 17, "percent_covered": 82.3529411764706, "percent_covered_display": "82", "missing_lines": 3, "excluded_lines": 0, "percent_statements_covered": 82.3529411764706, "percent_statements_covered_display": "82"}, "missing_lines": [313, 326, 327], "excluded_lines": [], "start_line": 301}, "": {"executed_lines": [11, 12, 13, 15, 18, 44, 63, 82, 109, 146, 219, 260, 301], "summary": {"covered_lines": 13, "num_statements": 13, "percent_covered": 100.0, "percent_covered_display": "100", "missing_lines": 0, "excluded_lines": 0, "percent_statements_covered": 100.0, "percent_statements_covered_display": "100"}, "missing_lines": [], "excluded_lines": [], "start_line": 1}}, "classes": {"": {"executed_lines": [11, 12, 13, 15, 18, 28, 30, 31, 32, 33, 34, 35, 38, 39, 41, 44, 54, 56, 57, 58, 60, 63, 73, 75, 76, 77, 79, 82, 109, 146, 160, 168, 174, 175, 176, 177, 194, 195, 198, 212, 219, 260, 271, 276, 280, 286, 287, 289, 301, 312, 316, 318, 319, 320, 322, 323, 324, 325, 329, 330, 332, 333, 335], "summary": {"covered_lines": 63, "num_statements": 120, "percent_covered": 52.5, "percent_covered_display": "52", "missing_lines": 57, "excluded_lines": 0, "percent_statements_covered": 52.5, "percent_statements_covered_display": "52"}, "missing_lines": [36, 37, 92, 93, 95, 96, 97, 98, 99, 100, 101, 102, 103, 104, 106, 124, 126, 127, 128, 129, 130, 131, 132, 133, 134, 135, 136, 137, 138, 140, 141, 143, 161, 179, 180, 181, 182, 183, 184, 185, 186, 187, 188, 189, 190, 192, 230, 235, 236, 239, 245, 246, 248, 277, 313, 326, 327], "excluded_lines": [], "start_line": 1}}}, "src/coin_config.py": {"executed_lines": [11, 12, 15, 16, 18, 19, 20, 21, 22, 23, 27, 56, 116, 125, 137, 150, 162, 181], "summary": {"covered_lines": 18, "num_statements": 38, "percent_covered": 47.36842105263158, "percent_covered_display": "47", "missing_lines": 20, "excluded_lines": 0, "percent_statements_covered": 47.36842105263158, "percent_statements_covered_display": "47"}, "missing_lines": [122, 134, 146, 147, 159, 168, 182, 183, 184, 186, 187, 189, 190, 191, 192, 193, 194, 195, 196, 197], "excluded_lines": [], "functions": {"get_coin_ids": {"executed_lines": [], "summary": {"covered_lines": 0, "num_statements": 1, "percent_covered": 0.0, "percent_covered_display": "0", "missing_lines": 1, "excluded_lines": 0, "percent_statements_covered": 0.0, "percent_statements_covered_display": "0"}, "missing_lines": [122], "excluded_lines": [], "start_line": 116}, "get_tier": {"executed_lines": [], "summary": {"covered_lines": 0, "num_statements": 1, "percent_covered": 0.0, "percent_covered_display": "0", "missing_lines": 1, "excluded_lines": 0, "percent_statements_covered": 0.0, "percent_statements_covered_display": "0"}, "missing_lines": [134], "excluded_lines": [], "start_line": 125}, "get_tier_config": {"executed_lines": [], "summary": {"covered_lines": 0, "num_statements": 2, "percent_covered": 0.0, "percent_covered_display": "0", "missing_lines": 2, "excluded_lines": 0, "percent_statements_covered": 0.0, "percent_statements_covered_display": "0"}, "missing_lines": [146, 147], "excluded_lines": [], "start_line": 137}, "get_coins_by_tier": {"executed_lines": [], "summary": {"covered_lines": 0, "num_statements": 1, "percent_covered": 0.0, "percent_covered_display": "0", "missing_lines": 1, "excluded_lines": 0, "percent_statements_covered": 0.0, "percent_statements_covered_display": "0"}, "missing_lines": [159], "excluded_lines": [], "start_line": 150}, "get_tier_summary": {"executed_lines": [], "summary": {"covered_lines": 0, "num_statements": 1, "percent_covered": 0.0, "percent_covered_display": "0", "missing_lines": 1, "excluded_lines": 0, "percent_statements_covered": 0.0, "percent_statements_covered_display": "0"}, "missing_lines": [168], "excluded_lines": [], "start_line": 162}, "": {"executed_lines": [11, 12, 15, 16, 18, 19, 20, 21, 22, 23, 27, 56, 116, 125, 137, 150, 162, 181], "summary": {"covered_lines": 18, "num_statements": 32, "percent_covered": 56.25, "percent_covered_display": "56", "missing_lines": 14, "excluded_lines": 0, "percent_statements_covered": 56.25, "percent_statements_covered_display": "56"}, "missing_lines": [182, 183, 184, 186, 187, 189, 190, 191, 192, 193, 194, 195, 196, 197], "excluded_lines": [], "start_line": 1}}, "classes": {"TierConfig": {"executed_lines": [], "summary": {"covered_lines": 0, "num_statements": 0, "percent_covered": 100.0, "percent_covered_display": "100", "missing_lines": 0, "excluded_lines": 0, "percent_statements_covered": 100.0, "percent_statements_covered_display": "100"}, "missing_lines": [], "excluded_lines": [], "start_line": 16}, "": {"executed_lines": [11, 12, 15, 16, 18, 19, 20, 21, 22, 23, 27, 56, 116, 125, 137, 150, 162, 181], "summary": {"covered_lines": 18, "num_statements": 38, "percent_covered": 47.36842105263158, "percent_covered_display": "47", "missing_lines": 20, "excluded_lines": 0, "percent_statements_covered": 47.36842105263158, "percent_statements_covered_display": "47"}, "missing_lines": [122, 134, 146, 147, 159, 168, 182, 183, 184, 186, 187, 189, 190, 191, 192, 193, 194, 195, 196, 197], "excluded_lines": [], "start_line": 1}}}, "src/coin_scorer.py": {"executed_lines": [9, 10, 11, 12, 13, 15, 17, 20, 22, 23, 24, 25, 26, 30, 39, 42, 43, 44, 45, 48, 49, 51, 52, 53, 54, 55, 56, 58, 60, 70, 85, 92, 93, 94, 95, 96, 98, 100, 101, 103, 105, 106, 108, 109, 111, 114, 115, 117, 118, 122, 133, 134, 136, 141, 144, 147, 149, 150, 152, 154, 163, 164, 167, 169, 170, 172, 173, 174, 177, 181, 182, 184, 187, 190, 191, 195, 199, 200, 204, 207, 208, 211, 214, 215, 218, 219, 221, 237, 238, 240, 242, 244, 253, 254, 256, 266, 267, 270, 271, 272, 275, 276, 277, 278, 279, 281, 283, 293, 295, 296, 298, 307, 308, 310, 312, 321, 323, 326, 327, 328, 332, 334, 343, 344, 346, 348, 350, 351, 352, 356, 362, 363, 364, 365, 367, 373, 375, 383, 384, 386], "summary": {"covered_lines": 140, "num_statements": 148, "percent_covered": 94.5945945945946, "percent_covered_display": "95", "missing_lines": 8, "excluded_lines": 0, "percent_statements_covered": 94.5945945945946, "percent_statements_covered_display": "95"}, "missing_lines": [112, 120, 137, 138, 165, 330, 353, 354], "excluded_lines": [], "functions": {"CoinAdaptation.to_dict": {"executed_lines": [60], "summary": {"covered_lines": 1, "num_statements": 1, "percent_covered": 100.0, "percent_covered_display": "100", "missing_lines": 0, "excluded_lines": 0, "percent_statements_covered": 100.0, "percent_statements_covered_display": "100"}, "missing_lines": [], "excluded_lines": [], "start_line": 58}, "CoinScorer.__init__": {"executed_lines": [92, 93, 94, 95, 96], "summary": {"covered_lines": 5, "num_statements": 5, "percent_covered": 100.0, "percent_covered_display": "100", "missing_lines": 0, "excluded_lines": 0, "percent_statements_covered": 100.0, "percent_statements_covered_display": "100"}, "missing_lines": [], "excluded_lines": [], "start_line": 85}, "CoinScorer._load_statuses": {"executed_lines": [100, 101], "summary": {"covered_lines": 2, "num_statements": 2, "percent_covered": 100.0, "percent_covered_display": "100", "missing_lines": 0, "excluded_lines": 0, "percent_statements_covered": 100.0, "percent_statements_covered_display": "100"}, "missing_lines": [], "excluded_lines": [], "start_line": 98}, "CoinScorer._calculate_status": {"executed_lines": [105, 106, 108, 109, 111, 114, 115, 117, 118], "summary": {"covered_lines": 9, "num_statements": 11, "percent_covered": 81.81818181818181, "percent_covered_display": "82", "missing_lines": 2, "excluded_lines": 0, "percent_statements_covered": 81.81818181818181, "percent_statements_covered_display": "82"}, "missing_lines": [112, 120], "excluded_lines": [], "start_line": 103}, "CoinScorer.process_trade_result": {"executed_lines": [133, 134, 136, 141, 144, 147, 149, 150, 152], "summary": {"covered_lines": 9, "num_statements": 11, "percent_covered": 81.81818181818181, "percent_covered_display": "82", "missing_lines": 2, "excluded_lines": 0, "percent_statements_covered": 81.81818181818181, "percent_statements_covered_display": "82"}, "missing_lines": [137, 138], "excluded_lines": [], "start_line": 122}, "CoinScorer.check_thresholds": {"executed_lines": [163, 164, 167, 169, 170, 172, 173, 174, 177, 181, 182, 184, 187, 190, 191, 195, 199, 200, 204, 207, 208, 211, 214, 215, 218, 219, 221, 237, 238, 240, 242], "summary": {"covered_lines": 31, "num_statements": 32, "percent_covered": 96.875, "percent_covered_display": "97", "missing_lines": 1, "excluded_lines": 0, "percent_statements_covered": 96.875, "percent_statements_covered_display": "97"}, "missing_lines": [165], "excluded_lines": [], "start_line": 154}, "CoinScorer.get_position_modifier": {"executed_lines": [253, 254], "summary": {"covered_lines": 2, "num_statements": 2, "percent_covered": 100.0, "percent_covered_display": "100", "missing_lines": 0, "excluded_lines": 0, "percent_statements_covered": 100.0, "percent_statements_covered_display": "100"}, "missing_lines": [], "excluded_lines": [], "start_line": 244}, "CoinScorer.get_coin_status": {"executed_lines": [266, 267, 270, 271, 272, 275, 276, 277, 278, 279, 281], "summary": {"covered_lines": 11, "num_statements": 11, "percent_covered": 100.0, "percent_covered_display": "100", "missing_lines": 0, "excluded_lines": 0, "percent_statements_covered": 100.0, "percent_statements_covered_display": "100"}, "missing_lines": [], "excluded_lines": [], "start_line": 256}, "CoinScorer.force_blacklist": {"executed_lines": [293, 295, 296, 298, 307, 308, 310], "summary": {"covered_lines": 7, "num_statements": 7, "percent_covered": 100.0, "percent_covered_display": "100", "missing_lines": 0, "excluded_lines": 0, "percent_statements_covered": 100.0, "percent_statements_covered_display": "100"}, "missing_lines": [], "excluded_lines": [], "start_line": 283}, "CoinScorer.force_unblacklist": {"executed_lines": [321, 323, 326, 327, 328, 332, 334, 343, 344, 346], "summary": {"covered_lines": 10, "num_statements": 11, "percent_covered": 90.9090909090909, "percent_covered_display": "91", "missing_lines": 1, "excluded_lines": 0, "percent_statements_covered": 90.9090909090909, "percent_statements_covered_display": "91"}, "missing_lines": [330], "excluded_lines": [], "start_line": 312}, "CoinScorer._log_adaptation": {"executed_lines": [350, 351, 352], "summary": {"covered_lines": 3, "num_statements": 5, "percent_covered": 60.0, "percent_covered_display": "60", "missing_lines": 2, "excluded_lines": 0, "percent_statements_covered": 60.0, "percent_statements_covered_display": "60"}, "missing_lines": [353, 354], "excluded_lines": [], "start_line": 348}, "CoinScorer.get_all_statuses": {"executed_lines": [362, 363, 364, 365], "summary": {"covered_lines": 4, "num_statements": 4, "percent_covered": 100.0, "percent_covered_display": "100", "missing_lines": 0, "excluded_lines": 0, "percent_statements_covered": 100.0, "percent_statements_covered_display": "100"}, "missing_lines": [], "excluded_lines": [], "start_line": 356}, "CoinScorer.get_status_summary": {"executed_lines": [373, 375, 383, 384, 386], "summary": {"covered_lines": 5, "num_statements": 5, "percent_covered": 100.0, "percent_covered_display": "100", "missing_lines": 0, "excluded_lines": 0, "percent_statements_covered": 100.0, "percent_statements_covered_display": "100"}, "missing_lines": [], "excluded_lines": [], "start_line": 367}, "": {"executed_lines": [9, 10, 11, 12, 13, 15, 17, 20, 22, 23, 24, 25, 26, 30, 39, 42, 43, 44, 45, 48, 49, 51, 52, 53, 54, 55, 56, 58, 70, 85, 98, 103, 122, 154, 244, 256, 283, 312, 348, 356, 367], "summary": {"covered_lines": 41, "num_statements": 41, "percent_covered": 100.0, "percent_covered_display": "100", "missing_lines": 0, "excluded_lines": 0, "percent_statements_covered": 100.0, "percent_statements_covered_display": "100"}, "missing_lines": [], "excluded_lines": [], "start_line": 1}}, "classes": {"CoinStatus": {"executed_lines": [], "summary": {"covered_lines": 0, "num_statements": 0, "percent_covered": 100.0, "percent_covered_display": "100", "missing_lines": 0, "excluded_lines": 0, "percent_statements_covered": 100.0, "percent_statements_covered_display": "100"}, "missing_lines": [], "excluded_lines": [], "start_line": 20}, "CoinAdaptation": {"executed_lines": [60], "summary": {"covered_lines": 1, "num_statements": 1, "percent_covered": 100.0, "percent_covered_display": "100", "missing_lines": 0, "excluded_lines": 0, "percent_statements_covered": 100.0, "percent_statements_covered_display": "100"}, "missing_lines": [], "excluded_lines": [], "start_line": 49}, "CoinScorer": {"executed_lines": [92, 93, 94, 95, 96, 100, 101, 105, 106, 108, 109, 111, 114, 115, 117, 118, 133, 134, 136, 141, 144, 147, 149, 150, 152, 163, 164, 167, 169, 170, 172, 173, 174, 177, 181, 182, 184, 187, 190, 191, 195, 199, 200, 204, 207, 208, 211, 214, 215, 218, 219, 221, 237, 238, 240, 242, 253, 254, 266, 267, 270, 271, 272, 275, 276, 277, 278, 279, 281, 293, 295, 296, 298, 307, 308, 310, 321, 323, 326, 327, 328, 332, 334, 343, 344, 346, 350, 351, 352, 362, 363, 364, 365, 373, 375, 383, 384, 386], "summary": {"covered_lines": 98, "num_statements": 106, "percent_covered": 92.45283018867924, "percent_covered_display": "92", "missing_lines": 8, "excluded_lines": 0, "percent_statements_covered": 92.45283018867924, "percent_statements_covered_display": "92"}, "missing_lines": [112, 120, 137, 138, 165, 330, 353, 354], "excluded_lines": [], "start_line": 70}, "": {"executed_lines": [9, 10, 11, 12, 13, 15, 17, 20, 22, 23, 24, 25, 26, 30, 39, 42, 43, 44, 45, 48, 49, 51, 52, 53, 54, 55, 56, 58, 70, 85, 98, 103, 122, 154, 244, 256, 283, 312, 348, 356, 367], "summary": {"covered_lines": 41, "num_statements": 41, "percent_covered": 100.0, "percent_covered_display": "100", "missing_lines": 0, "excluded_lines": 0, "percent_statements_covered": 100.0, "percent_statements_covered_display": "100"}, "missing_lines": [], "excluded_lines": [], "start_line": 1}}}, "src/daily_summary.py": {"executed_lines": [], "summary": {"covered_lines": 0, "num_statements": 108, "percent_covered": 0.0, "percent_covered_display": "0", "missing_lines": 108, "excluded_lines": 0, "percent_statements_covered": 0.0, "percent_statements_covered_display": "0"}, "missing_lines": [10, 11, 12, 13, 14, 15, 16, 19, 21, 24, 28, 31, 34, 36, 38, 40, 41, 42, 51, 54, 56, 58, 59, 60, 69, 70, 71, 72, 73, 74, 76, 85, 87, 89, 90, 93, 98, 102, 109, 112, 117, 119, 120, 132, 133, 134, 135, 137, 138, 140, 160, 162, 163, 164, 165, 166, 168, 182, 184, 185, 187, 188, 190, 211, 212, 221, 222, 223, 224, 225, 226, 228, 231, 232, 233, 234, 235, 236, 237, 238, 239, 241, 248, 250, 259, 260, 261, 263, 264, 267, 268, 271, 272, 273, 276, 277, 278, 280, 281, 284, 286, 287, 290, 291, 292, 293, 294, 295], "excluded_lines": [], "functions": {"DailySummary.__init__": {"executed_lines": [], "summary": {"covered_lines": 0, "num_statements": 1, "percent_covered": 0.0, "percent_covered_display": "0", "missing_lines": 1, "excluded_lines": 0, "percent_statements_covered": 0.0, "percent_statements_covered_display": "0"}, "missing_lines": [36], "excluded_lines": [], "start_line": 34}, "DailySummary.get_today_trades": {"executed_lines": [], "summary": {"covered_lines": 0, "num_statements": 5, "percent_covered": 0.0, "percent_covered_display": "0", "missing_lines": 5, "excluded_lines": 0, "percent_statements_covered": 0.0, "percent_statements_covered_display": "0"}, "missing_lines": [40, 41, 42, 51, 54], "excluded_lines": [], "start_line": 38}, "DailySummary.get_today_learnings": {"executed_lines": [], "summary": {"covered_lines": 0, "num_statements": 11, "percent_covered": 0.0, "percent_covered_display": "0", "missing_lines": 11, "excluded_lines": 0, "percent_statements_covered": 0.0, "percent_statements_covered_display": "0"}, "missing_lines": [58, 59, 60, 69, 70, 71, 72, 73, 74, 76, 85], "excluded_lines": [], "start_line": 56}, "DailySummary.get_rule_changes": {"executed_lines": [], "summary": {"covered_lines": 0, "num_statements": 7, "percent_covered": 0.0, "percent_covered_display": "0", "missing_lines": 7, "excluded_lines": 0, "percent_statements_covered": 0.0, "percent_statements_covered_display": "0"}, "missing_lines": [89, 90, 93, 98, 102, 109, 112], "excluded_lines": [], "start_line": 87}, "DailySummary.calculate_stats": {"executed_lines": [], "summary": {"covered_lines": 0, "num_statements": 9, "percent_covered": 0.0, "percent_covered_display": "0", "missing_lines": 9, "excluded_lines": 0, "percent_statements_covered": 0.0, "percent_statements_covered_display": "0"}, "missing_lines": [119, 120, 132, 133, 134, 135, 137, 138, 140], "excluded_lines": [], "start_line": 117}, "DailySummary.generate_summary": {"executed_lines": [], "summary": {"covered_lines": 0, "num_statements": 6, "percent_covered": 0.0, "percent_covered_display": "0", "missing_lines": 6, "excluded_lines": 0, "percent_statements_covered": 0.0, "percent_statements_covered_display": "0"}, "missing_lines": [162, 163, 164, 165, 166, 168], "excluded_lines": [], "start_line": 160}, "DailySummary.format_text_report": {"executed_lines": [], "summary": {"covered_lines": 0, "num_statements": 25, "percent_covered": 0.0, "percent_covered_display": "0", "missing_lines": 25, "excluded_lines": 0, "percent_statements_covered": 0.0, "percent_statements_covered_display": "0"}, "missing_lines": [184, 185, 187, 188, 190, 211, 212, 221, 222, 223, 224, 225, 226, 228, 231, 232, 233, 234, 235, 236, 237, 238, 239, 241, 248], "excluded_lines": [], "start_line": 182}, "DailySummary.save_report": {"executed_lines": [], "summary": {"covered_lines": 0, "num_statements": 15, "percent_covered": 0.0, "percent_covered_display": "0", "missing_lines": 15, "excluded_lines": 0, "percent_statements_covered": 0.0, "percent_statements_covered_display": "0"}, "missing_lines": [259, 260, 261, 263, 264, 267, 268, 271, 272, 273, 276, 277, 278, 280, 281], "excluded_lines": [], "start_line": 250}, "print_daily_summary": {"executed_lines": [], "summary": {"covered_lines": 0, "num_statements": 2, "percent_covered": 0.0, "percent_covered_display": "0", "missing_lines": 2, "excluded_lines": 0, "percent_statements_covered": 0.0, "percent_statements_covered_display": "0"}, "missing_lines": [286, 287], "excluded_lines": [], "start_line": 284}, "": {"executed_lines": [], "summary": {"covered_lines": 0, "num_statements": 27, "percent_covered": 0.0, "percent_covered_display": "0", "missing_lines": 27, "excluded_lines": 0, "percent_statements_covered": 0.0, "percent_statements_covered_display": "0"}, "missing_lines": [10, 11, 12, 13, 14, 15, 16, 19, 21, 24, 28, 31, 34, 38, 56, 87, 117, 160, 182, 250, 284, 290, 291, 292, 293, 294, 295], "excluded_lines": [], "start_line": 1}}, "classes": {"DailySummary": {"executed_lines": [], "summary": {"covered_lines": 0, "num_statements": 79, "percent_covered": 0.0, "percent_covered_display": "0", "missing_lines": 79, "excluded_lines": 0, "percent_statements_covered": 0.0, "percent_statements_covered_display": "0"}, "missing_lines": [36, 40, 41, 42, 51, 54, 58, 59, 60, 69, 70, 71, 72, 73, 74, 76, 85, 89, 90, 93, 98, 102, 109, 112, 119, 120, 132, 133, 134, 135, 137, 138, 140, 162, 163, 164, 165, 166, 168, 184, 185, 187, 188, 190, 211, 212, 221, 222, 223, 224, 225, 226, 228, 231, 232, 233, 234, 235, 236, 237, 238, 239, 241, 248, 259, 260, 261, 263, 264, 267, 268, 271, 272, 273, 276, 277, 278, 280, 281], "excluded_lines": [], "start_line": 31}, "": {"executed_lines": [], "summary": {"covered_lines": 0, "num_statements": 29, "percent_covered": 0.0, "percent_covered_display": "0", "missing_lines": 29, "excluded_lines": 0, "percent_statements_covered": 0.0, "percent_statements_covered_display": "0"}, "missing_lines": [10, 11, 12, 13, 14, 15, 16, 19, 21, 24, 28, 31, 34, 38, 56, 87, 117, 160, 182, 250, 284, 286, 287, 290, 291, 292, 293, 294, 295], "excluded_lines": [], "start_line": 1}}}, "src/dashboard.py": {"executed_lines": [7, 8, 9, 10, 11, 12, 14, 17, 19, 20, 21, 22, 23, 26, 30, 33, 36, 589, 592, 594, 596, 598, 599, 600, 606, 607, 618, 619, 620, 628, 630, 632, 634, 643, 645, 646, 647, 655, 659, 661, 663, 664, 665, 674, 678, 680, 682, 683, 684, 693, 694, 710, 712, 714, 715, 716, 728, 729, 745, 749, 752, 753, 755, 757, 758, 760, 770, 776, 777, 779, 780, 793, 794, 804, 805, 819, 820, 844, 858], "summary": {"covered_lines": 79, "num_statements": 136, "percent_covered": 58.088235294117645, "percent_covered_display": "58", "missing_lines": 57, "excluded_lines": 0, "percent_statements_covered": 58.088235294117645, "percent_statements_covered_display": "58"}, "missing_lines": [608, 609, 621, 622, 623, 624, 625, 626, 695, 696, 697, 698, 700, 730, 731, 733, 743, 744, 771, 772, 773, 788, 789, 790, 796, 797, 798, 799, 800, 801, 811, 812, 813, 814, 815, 816, 822, 823, 824, 825, 839, 840, 841, 852, 853, 854, 859, 860, 861, 862, 863, 864, 865, 866, 867, 868, 870], "excluded_lines": [], "functions": {"DashboardData.__init__": {"executed_lines": [594], "summary": {"covered_lines": 1, "num_statements": 1, "percent_covered": 100.0, "percent_covered_display": "100", "missing_lines": 0, "excluded_lines": 0, "percent_statements_covered": 100.0, "percent_statements_covered_display": "100"}, "missing_lines": [], "excluded_lines": [], "start_line": 592}, "DashboardData.get_market_data": {"executed_lines": [598, 599, 600, 606, 607, 618, 619, 620, 628], "summary": {"covered_lines": 9, "num_statements": 17, "percent_covered": 52.94117647058823, "percent_covered_display": "53", "missing_lines": 8, "excluded_lines": 0, "percent_statements_covered": 52.94117647058823, "percent_statements_covered_display": "53"}, "missing_lines": [608, 609, 621, 622, 623, 624, 625, 626], "excluded_lines": [], "start_line": 596}, "DashboardData.get_account_state": {"executed_lines": [632, 634], "summary": {"covered_lines": 2, "num_statements": 2, "percent_covered": 100.0, "percent_covered_display": "100", "missing_lines": 0, "excluded_lines": 0, "percent_statements_covered": 100.0, "percent_statements_covered_display": "100"}, "missing_lines": [], "excluded_lines": [], "start_line": 630}, "DashboardData.get_open_trades": {"executed_lines": [645, 646, 647, 655, 659], "summary": {"covered_lines": 5, "num_statements": 5, "percent_covered": 100.0, "percent_covered_display": "100", "missing_lines": 0, "excluded_lines": 0, "percent_statements_covered": 100.0, "percent_statements_covered_display": "100"}, "missing_lines": [], "excluded_lines": [], "start_line": 643}, "DashboardData.get_closed_trades": {"executed_lines": [663, 664, 665, 674, 678], "summary": {"covered_lines": 5, "num_statements": 5, "percent_covered": 100.0, "percent_covered_display": "100", "missing_lines": 0, "excluded_lines": 0, "percent_statements_covered": 100.0, "percent_statements_covered_display": "100"}, "missing_lines": [], "excluded_lines": [], "start_line": 661}, "DashboardData.get_learnings": {"executed_lines": [682, 683, 684, 693, 694, 710], "summary": {"covered_lines": 6, "num_statements": 11, "percent_covered": 54.54545454545455, "percent_covered_display": "55", "missing_lines": 5, "excluded_lines": 0, "percent_statements_covered": 54.54545454545455, "percent_statements_covered_display": "55"}, "missing_lines": [695, 696, 697, 698, 700], "excluded_lines": [], "start_line": 680}, "DashboardData.get_trading_rules": {"executed_lines": [714, 715, 716, 728, 729, 745], "summary": {"covered_lines": 6, "num_statements": 11, "percent_covered": 54.54545454545455, "percent_covered_display": "55", "missing_lines": 5, "excluded_lines": 0, "percent_statements_covered": 54.54545454545455, "percent_statements_covered_display": "55"}, "missing_lines": [730, 731, 733, 743, 744], "excluded_lines": [], "start_line": 712}, "index": {"executed_lines": [755, 757, 758, 760, 770], "summary": {"covered_lines": 5, "num_statements": 8, "percent_covered": 62.5, "percent_covered_display": "62", "missing_lines": 3, "excluded_lines": 0, "percent_statements_covered": 62.5, "percent_statements_covered_display": "62"}, "missing_lines": [771, 772, 773], "excluded_lines": [], "start_line": 753}, "api_status": {"executed_lines": [779, 780], "summary": {"covered_lines": 2, "num_statements": 5, "percent_covered": 40.0, "percent_covered_display": "40", "missing_lines": 3, "excluded_lines": 0, "percent_statements_covered": 40.0, "percent_statements_covered_display": "40"}, "missing_lines": [788, 789, 790], "excluded_lines": [], "start_line": 777}, "api_metrics": {"executed_lines": [], "summary": {"covered_lines": 0, "num_statements": 6, "percent_covered": 0.0, "percent_covered_display": "0", "missing_lines": 6, "excluded_lines": 0, "percent_statements_covered": 0.0, "percent_statements_covered_display": "0"}, "missing_lines": [796, 797, 798, 799, 800, 801], "excluded_lines": [], "start_line": 794}, "prometheus_metrics": {"executed_lines": [], "summary": {"covered_lines": 0, "num_statements": 6, "percent_covered": 0.0, "percent_covered_display": "0", "missing_lines": 6, "excluded_lines": 0, "percent_statements_covered": 0.0, "percent_statements_covered_display": "0"}, "missing_lines": [811, 812, 813, 814, 815, 816], "excluded_lines": [], "start_line": 805}, "api_alerts": {"executed_lines": [], "summary": {"covered_lines": 0, "num_statements": 7, "percent_covered": 0.0, "percent_covered_display": "0", "missing_lines": 7, "excluded_lines": 0, "percent_statements_covered": 0.0, "percent_statements_covered_display": "0"}, "missing_lines": [822, 823, 824, 825, 839, 840, 841], "excluded_lines": [], "start_line": 820}, "run_dashboard": {"executed_lines": [], "summary": {"covered_lines": 0, "num_statements": 3, "percent_covered": 0.0, "percent_covered_display": "0", "missing_lines": 3, "excluded_lines": 0, "percent_statements_covered": 0.0, "percent_statements_covered_display": "0"}, "missing_lines": [852, 853, 854], "excluded_lines": [], "start_line": 844}, "": {"executed_lines": [7, 8, 9, 10, 11, 12, 14, 17, 19, 20, 21, 22, 23, 26, 30, 33, 36, 589, 592, 596, 630, 643, 661, 680, 712, 749, 752, 753, 776, 777, 793, 794, 804, 805, 819, 820, 844, 858], "summary": {"covered_lines": 38, "num_statements": 49, "percent_covered": 77.55102040816327, "percent_covered_display": "78", "missing_lines": 11, "excluded_lines": 0, "percent_statements_covered": 77.55102040816327, "percent_statements_covered_display": "78"}, "missing_lines": [859, 860, 861, 862, 863, 864, 865, 866, 867, 868, 870], "excluded_lines": [], "start_line": 1}}, "classes": {"DashboardData": {"executed_lines": [594, 598, 599, 600, 606, 607, 618, 619, 620, 628, 632, 634, 645, 646, 647, 655, 659, 663, 664, 665, 674, 678, 682, 683, 684, 693, 694, 710, 714, 715, 716, 728, 729, 745], "summary": {"covered_lines": 34, "num_statements": 52, "percent_covered": 65.38461538461539, "percent_covered_display": "65", "missing_lines": 18, "excluded_lines": 0, "percent_statements_covered": 65.38461538461539, "percent_statements_covered_display": "65"}, "missing_lines": [608, 609, 621, 622, 623, 624, 625, 626, 695, 696, 697, 698, 700, 730, 731, 733, 743, 744], "excluded_lines": [], "start_line": 589}, "": {"executed_lines": [7, 8, 9, 10, 11, 12, 14, 17, 19, 20, 21, 22, 23, 26, 30, 33, 36, 589, 592, 596, 630, 643, 661, 680, 712, 749, 752, 753, 755, 757, 758, 760, 770, 776, 777, 779, 780, 793, 794, 804, 805, 819, 820, 844, 858], "summary": {"covered_lines": 45, "num_statements": 84, "percent_covered": 53.57142857142857, "percent_covered_display": "54", "missing_lines": 39, "excluded_lines": 0, "percent_statements_covered": 53.57142857142857, "percent_statements_covered_display": "54"}, "missing_lines": [771, 772, 773, 788, 789, 790, 796, 797, 798, 799, 800, 801, 811, 812, 813, 814, 815, 816, 822, 823, 824, 825, 839, 840, 841, 852, 853, 854, 859, 860, 861, 862, 863, 864, 865, 866, 867, 868, 870], "excluded_lines": [], "start_line": 1}}}, "src/dashboard_v2.py": {"executed_lines": [14, 15, 16, 17, 18, 19, 21, 22, 23, 24, 25, 30, 37, 38, 39, 42, 43, 46, 47, 50, 51, 54, 55, 58, 59, 66, 74, 81, 82, 89, 90, 93, 96, 99, 100, 102, 104, 105, 111, 118, 119, 126, 127, 134, 135, 142, 143, 150, 151, 162, 163, 165, 168, 169, 170, 171, 172, 174, 176, 177, 179, 180, 185, 186, 188, 191, 192, 220, 222, 223, 225, 226, 227, 228, 229, 230, 232, 234, 235, 261, 262, 264, 267, 268, 273, 274, 276, 279, 280, 281, 283, 285, 286, 288, 291, 292, 297, 298, 300, 303, 304, 309, 310, 312, 315, 316, 321, 322, 333, 334, 336, 339, 340, 345, 346, 348, 349, 351, 353, 354, 369, 370, 372, 373, 375, 377, 378, 380, 384, 385, 387, 388, 390, 391, 393, 394, 396, 397, 399, 400, 402, 408, 409, 411, 414, 415, 417, 418, 419, 420, 424, 425, 427, 430, 432, 433, 434, 435, 439, 440, 442, 445, 446, 447, 448, 452, 453, 455, 458, 459, 460, 461, 465, 466, 468, 471, 472, 473, 474, 478, 479, 486, 487, 489, 490, 492, 494, 495, 497, 498, 500, 501, 503, 504, 506, 507, 509, 513, 514, 515, 517, 518, 520, 526, 527, 529, 531, 532, 534, 540, 542, 550, 551, 552, 553, 556, 557, 558, 559, 561, 562, 563, 564, 565, 566, 568, 570, 576, 578, 579, 582, 588, 594, 596, 598, 599, 600, 601, 602, 603, 604, 611, 617, 619, 625], "summary": {"covered_lines": 245, "num_statements": 335, "percent_covered": 73.13432835820896, "percent_covered_display": "73", "missing_lines": 90, "excluded_lines": 2, "percent_statements_covered": 73.13432835820896, "percent_statements_covered_display": "73"}, "missing_lines": [121, 129, 137, 145, 153, 193, 194, 195, 197, 203, 204, 205, 206, 208, 209, 211, 213, 218, 237, 238, 239, 240, 241, 242, 243, 244, 245, 246, 248, 265, 277, 289, 301, 313, 324, 325, 327, 337, 350, 356, 357, 359, 360, 361, 363, 374, 401, 412, 421, 422, 428, 436, 437, 443, 449, 450, 456, 462, 463, 469, 475, 476, 481, 482, 483, 484, 491, 572, 573, 574, 580, 584, 585, 586, 590, 591, 592, 605, 606, 608, 609, 610, 613, 614, 615, 633, 635, 637, 644, 645], "excluded_lines": [27, 28], "functions": {"DashboardServer.__init__": {"executed_lines": [81, 82, 89, 90, 93, 96, 99, 100], "summary": {"covered_lines": 8, "num_statements": 8, "percent_covered": 100.0, "percent_covered_display": "100", "missing_lines": 0, "excluded_lines": 0, "percent_statements_covered": 100.0, "percent_statements_covered_display": "100"}, "missing_lines": [], "excluded_lines": [], "start_line": 74}, "DashboardServer._setup_static": {"executed_lines": [104, 105], "summary": {"covered_lines": 2, "num_statements": 2, "percent_covered": 100.0, "percent_covered_display": "100", "missing_lines": 0, "excluded_lines": 0, "percent_statements_covered": 100.0, "percent_statements_covered_display": "100"}, "missing_lines": [], "excluded_lines": [], "start_line": 102}, "DashboardServer._setup_routes": {"executed_lines": [118, 119, 126, 127, 134, 135, 142, 143, 150, 151, 162, 163, 176, 177, 185, 186, 222, 223, 234, 235, 261, 262, 273, 274, 285, 286, 297, 298, 309, 310, 321, 322, 333, 334, 345, 346, 353, 354, 369, 370, 377, 378, 390, 391, 396, 397, 408, 409, 424, 425, 439, 440, 452, 453, 465, 466, 478, 479, 486, 487, 494, 495, 500, 501, 506, 507, 517, 518, 526, 527, 531, 532], "summary": {"covered_lines": 72, "num_statements": 72, "percent_covered": 100.0, "percent_covered_display": "100", "missing_lines": 0, "excluded_lines": 0, "percent_statements_covered": 100.0, "percent_statements_covered_display": "100"}, "missing_lines": [], "excluded_lines": [], "start_line": 111}, "DashboardServer._setup_routes.index": {"executed_lines": [], "summary": {"covered_lines": 0, "num_statements": 1, "percent_covered": 0.0, "percent_covered_display": "0", "missing_lines": 1, "excluded_lines": 0, "percent_statements_covered": 0.0, "percent_statements_covered_display": "0"}, "missing_lines": [121], "excluded_lines": [], "start_line": 119}, "DashboardServer._setup_routes.knowledge_page": {"executed_lines": [], "summary": {"covered_lines": 0, "num_statements": 1, "percent_covered": 0.0, "percent_covered_display": "0", "missing_lines": 1, "excluded_lines": 0, "percent_statements_covered": 0.0, "percent_statements_covered_display": "0"}, "missing_lines": [129], "excluded_lines": [], "start_line": 127}, "DashboardServer._setup_routes.adaptations_page": {"executed_lines": [], "summary": {"covered_lines": 0, "num_statements": 1, "percent_covered": 0.0, "percent_covered_display": "0", "missing_lines": 1, "excluded_lines": 0, "percent_statements_covered": 0.0, "percent_statements_covered_display": "0"}, "missing_lines": [137], "excluded_lines": [], "start_line": 135}, "DashboardServer._setup_routes.profitability_page": {"executed_lines": [], "summary": {"covered_lines": 0, "num_statements": 1, "percent_covered": 0.0, "percent_covered_display": "0", "missing_lines": 1, "excluded_lines": 0, "percent_statements_covered": 0.0, "percent_statements_covered_display": "0"}, "missing_lines": [145], "excluded_lines": [], "start_line": 143}, "DashboardServer._setup_routes.overrides_page": {"executed_lines": [], "summary": {"covered_lines": 0, "num_statements": 1, "percent_covered": 0.0, "percent_covered_display": "0", "missing_lines": 1, "excluded_lines": 0, "percent_statements_covered": 0.0, "percent_statements_covered_display": "0"}, "missing_lines": [153], "excluded_lines": [], "start_line": 151}, "DashboardServer._setup_routes.get_status": {"executed_lines": [165, 168, 169, 170, 171, 172, 174], "summary": {"covered_lines": 7, "num_statements": 7, "percent_covered": 100.0, "percent_covered_display": "100", "missing_lines": 0, "excluded_lines": 0, "percent_statements_covered": 100.0, "percent_statements_covered_display": "100"}, "missing_lines": [], "excluded_lines": [], "start_line": 163}, "DashboardServer._setup_routes.get_conditions": {"executed_lines": [179, 180], "summary": {"covered_lines": 2, "num_statements": 2, "percent_covered": 100.0, "percent_covered_display": "100", "missing_lines": 0, "excluded_lines": 0, "percent_statements_covered": 100.0, "percent_statements_covered_display": "100"}, "missing_lines": [], "excluded_lines": [], "start_line": 177}, "DashboardServer._setup_routes.get_positions": {"executed_lines": [188, 191, 192, 220], "summary": {"covered_lines": 4, "num_statements": 17, "percent_covered": 23.529411764705884, "percent_covered_display": "24", "missing_lines": 13, "excluded_lines": 0, "percent_statements_covered": 23.529411764705884, "percent_statements_covered_display": "24"}, "missing_lines": [193, 194, 195, 197, 203, 204, 205, 206, 208, 209, 211, 213, 218], "excluded_lines": [], "start_line": 186}, "DashboardServer._setup_routes.get_prices": {"executed_lines": [225, 226, 227, 228, 229, 230, 232], "summary": {"covered_lines": 7, "num_statements": 7, "percent_covered": 100.0, "percent_covered_display": "100", "missing_lines": 0, "excluded_lines": 0, "percent_statements_covered": 100.0, "percent_statements_covered_display": "100"}, "missing_lines": [], "excluded_lines": [], "start_line": 223}, "DashboardServer._setup_routes.event_stream": {"executed_lines": [], "summary": {"covered_lines": 0, "num_statements": 2, "percent_covered": 0.0, "percent_covered_display": "0", "missing_lines": 2, "excluded_lines": 0, "percent_statements_covered": 0.0, "percent_statements_covered_display": "0"}, "missing_lines": [237, 248], "excluded_lines": [], "start_line": 235}, "DashboardServer._setup_routes.event_stream.generate": {"executed_lines": [], "summary": {"covered_lines": 0, "num_statements": 9, "percent_covered": 0.0, "percent_covered_display": "0", "missing_lines": 9, "excluded_lines": 0, "percent_statements_covered": 0.0, "percent_statements_covered_display": "0"}, "missing_lines": [238, 239, 240, 241, 242, 243, 244, 245, 246], "excluded_lines": [], "start_line": 237}, "DashboardServer._setup_routes.get_coins": {"executed_lines": [264, 267, 268], "summary": {"covered_lines": 3, "num_statements": 4, "percent_covered": 75.0, "percent_covered_display": "75", "missing_lines": 1, "excluded_lines": 0, "percent_statements_covered": 75.0, "percent_statements_covered_display": "75"}, "missing_lines": [265], "excluded_lines": [], "start_line": 262}, "DashboardServer._setup_routes.get_coin_detail": {"executed_lines": [276, 279, 280, 281, 283], "summary": {"covered_lines": 5, "num_statements": 6, "percent_covered": 83.33333333333333, "percent_covered_display": "83", "missing_lines": 1, "excluded_lines": 0, "percent_statements_covered": 83.33333333333333, "percent_statements_covered_display": "83"}, "missing_lines": [277], "excluded_lines": [], "start_line": 274}, "DashboardServer._setup_routes.get_patterns": {"executed_lines": [288, 291, 292], "summary": {"covered_lines": 3, "num_statements": 4, "percent_covered": 75.0, "percent_covered_display": "75", "missing_lines": 1, "excluded_lines": 0, "percent_statements_covered": 75.0, "percent_statements_covered_display": "75"}, "missing_lines": [289], "excluded_lines": [], "start_line": 286}, "DashboardServer._setup_routes.get_rules": {"executed_lines": [300, 303, 304], "summary": {"covered_lines": 3, "num_statements": 4, "percent_covered": 75.0, "percent_covered_display": "75", "missing_lines": 1, "excluded_lines": 0, "percent_statements_covered": 75.0, "percent_statements_covered_display": "75"}, "missing_lines": [301], "excluded_lines": [], "start_line": 298}, "DashboardServer._setup_routes.get_blacklist": {"executed_lines": [312, 315, 316], "summary": {"covered_lines": 3, "num_statements": 4, "percent_covered": 75.0, "percent_covered_display": "75", "missing_lines": 1, "excluded_lines": 0, "percent_statements_covered": 75.0, "percent_statements_covered_display": "75"}, "missing_lines": [313], "excluded_lines": [], "start_line": 310}, "DashboardServer._setup_routes.get_knowledge_context": {"executed_lines": [], "summary": {"covered_lines": 0, "num_statements": 3, "percent_covered": 0.0, "percent_covered_display": "0", "missing_lines": 3, "excluded_lines": 0, "percent_statements_covered": 0.0, "percent_statements_covered_display": "0"}, "missing_lines": [324, 325, 327], "excluded_lines": [], "start_line": 322}, "DashboardServer._setup_routes.get_adaptations": {"executed_lines": [336, 339, 340], "summary": {"covered_lines": 3, "num_statements": 4, "percent_covered": 75.0, "percent_covered_display": "75", "missing_lines": 1, "excluded_lines": 0, "percent_statements_covered": 75.0, "percent_statements_covered_display": "75"}, "missing_lines": [337], "excluded_lines": [], "start_line": 334}, "DashboardServer._setup_routes.get_effectiveness_summary": {"executed_lines": [348, 349, 351], "summary": {"covered_lines": 3, "num_statements": 4, "percent_covered": 75.0, "percent_covered_display": "75", "missing_lines": 1, "excluded_lines": 0, "percent_statements_covered": 75.0, "percent_statements_covered_display": "75"}, "missing_lines": [350], "excluded_lines": [], "start_line": 346}, "DashboardServer._setup_routes.get_adaptation_detail": {"executed_lines": [], "summary": {"covered_lines": 0, "num_statements": 6, "percent_covered": 0.0, "percent_covered_display": "0", "missing_lines": 6, "excluded_lines": 0, "percent_statements_covered": 0.0, "percent_statements_covered_display": "0"}, "missing_lines": [356, 357, 359, 360, 361, 363], "excluded_lines": [], "start_line": 354}, "DashboardServer._setup_routes.get_profitability_snapshot": {"executed_lines": [372, 373, 375], "summary": {"covered_lines": 3, "num_statements": 4, "percent_covered": 75.0, "percent_covered_display": "75", "missing_lines": 1, "excluded_lines": 0, "percent_statements_covered": 75.0, "percent_statements_covered_display": "75"}, "missing_lines": [374], "excluded_lines": [], "start_line": 370}, "DashboardServer._setup_routes.get_performance_by_dimension": {"executed_lines": [380, 384, 385, 387, 388], "summary": {"covered_lines": 5, "num_statements": 5, "percent_covered": 100.0, "percent_covered_display": "100", "missing_lines": 0, "excluded_lines": 0, "percent_statements_covered": 100.0, "percent_statements_covered_display": "100"}, "missing_lines": [], "excluded_lines": [], "start_line": 378}, "DashboardServer._setup_routes.get_equity_curve": {"executed_lines": [393, 394], "summary": {"covered_lines": 2, "num_statements": 2, "percent_covered": 100.0, "percent_covered_display": "100", "missing_lines": 0, "excluded_lines": 0, "percent_statements_covered": 100.0, "percent_statements_covered_display": "100"}, "missing_lines": [], "excluded_lines": [], "start_line": 391}, "DashboardServer._setup_routes.get_improvement": {"executed_lines": [399, 400, 402], "summary": {"covered_lines": 3, "num_statements": 4, "percent_covered": 75.0, "percent_covered_display": "75", "missing_lines": 1, "excluded_lines": 0, "percent_statements_covered": 75.0, "percent_statements_covered_display": "75"}, "missing_lines": [401], "excluded_lines": [], "start_line": 397}, "DashboardServer._setup_routes.blacklist_coin": {"executed_lines": [411, 414, 415, 417, 418, 419, 420], "summary": {"covered_lines": 7, "num_statements": 10, "percent_covered": 70.0, "percent_covered_display": "70", "missing_lines": 3, "excluded_lines": 0, "percent_statements_covered": 70.0, "percent_statements_covered_display": "70"}, "missing_lines": [412, 421, 422], "excluded_lines": [], "start_line": 409}, "DashboardServer._setup_routes.unblacklist_coin": {"executed_lines": [427, 430, 432, 433, 434, 435], "summary": {"covered_lines": 6, "num_statements": 9, "percent_covered": 66.66666666666667, "percent_covered_display": "67", "missing_lines": 3, "excluded_lines": 0, "percent_statements_covered": 66.66666666666667, "percent_statements_covered_display": "67"}, "missing_lines": [428, 436, 437], "excluded_lines": [], "start_line": 425}, "DashboardServer._setup_routes.disable_pattern": {"executed_lines": [442, 445, 446, 447, 448], "summary": {"covered_lines": 5, "num_statements": 8, "percent_covered": 62.5, "percent_covered_display": "62", "missing_lines": 3, "excluded_lines": 0, "percent_statements_covered": 62.5, "percent_statements_covered_display": "62"}, "missing_lines": [443, 449, 450], "excluded_lines": [], "start_line": 440}, "DashboardServer._setup_routes.enable_pattern": {"executed_lines": [455, 458, 459, 460, 461], "summary": {"covered_lines": 5, "num_statements": 8, "percent_covered": 62.5, "percent_covered_display": "62", "missing_lines": 3, "excluded_lines": 0, "percent_statements_covered": 62.5, "percent_statements_covered_display": "62"}, "missing_lines": [456, 462, 463], "excluded_lines": [], "start_line": 453}, "DashboardServer._setup_routes.deactivate_rule": {"executed_lines": [468, 471, 472, 473, 474], "summary": {"covered_lines": 5, "num_statements": 8, "percent_covered": 62.5, "percent_covered_display": "62", "missing_lines": 3, "excluded_lines": 0, "percent_statements_covered": 62.5, "percent_statements_covered_display": "62"}, "missing_lines": [469, 475, 476], "excluded_lines": [], "start_line": 466}, "DashboardServer._setup_routes.trigger_reflection": {"executed_lines": [], "summary": {"covered_lines": 0, "num_statements": 4, "percent_covered": 0.0, "percent_covered_display": "0", "missing_lines": 4, "excluded_lines": 0, "percent_statements_covered": 0.0, "percent_statements_covered_display": "0"}, "missing_lines": [481, 482, 483, 484], "excluded_lines": [], "start_line": 479}, "DashboardServer._setup_routes.rollback_adaptation": {"executed_lines": [489, 490, 492], "summary": {"covered_lines": 3, "num_statements": 4, "percent_covered": 75.0, "percent_covered_display": "75", "missing_lines": 1, "excluded_lines": 0, "percent_statements_covered": 75.0, "percent_statements_covered_display": "75"}, "missing_lines": [491], "excluded_lines": [], "start_line": 487}, "DashboardServer._setup_routes.pause_trading": {"executed_lines": [497, 498], "summary": {"covered_lines": 2, "num_statements": 2, "percent_covered": 100.0, "percent_covered_display": "100", "missing_lines": 0, "excluded_lines": 0, "percent_statements_covered": 100.0, "percent_statements_covered_display": "100"}, "missing_lines": [], "excluded_lines": [], "start_line": 495}, "DashboardServer._setup_routes.resume_trading": {"executed_lines": [503, 504], "summary": {"covered_lines": 2, "num_statements": 2, "percent_covered": 100.0, "percent_covered_display": "100", "missing_lines": 0, "excluded_lines": 0, "percent_statements_covered": 100.0, "percent_statements_covered_display": "100"}, "missing_lines": [], "excluded_lines": [], "start_line": 501}, "DashboardServer._setup_routes.add_note": {"executed_lines": [509, 513, 514, 515], "summary": {"covered_lines": 4, "num_statements": 4, "percent_covered": 100.0, "percent_covered_display": "100", "missing_lines": 0, "excluded_lines": 0, "percent_statements_covered": 100.0, "percent_statements_covered_display": "100"}, "missing_lines": [], "excluded_lines": [], "start_line": 507}, "DashboardServer._setup_routes.get_notes": {"executed_lines": [520], "summary": {"covered_lines": 1, "num_statements": 1, "percent_covered": 100.0, "percent_covered_display": "100", "missing_lines": 0, "excluded_lines": 0, "percent_statements_covered": 100.0, "percent_statements_covered_display": "100"}, "missing_lines": [], "excluded_lines": [], "start_line": 518}, "DashboardServer._setup_routes.health_check": {"executed_lines": [529], "summary": {"covered_lines": 1, "num_statements": 1, "percent_covered": 100.0, "percent_covered_display": "100", "missing_lines": 0, "excluded_lines": 0, "percent_statements_covered": 100.0, "percent_statements_covered_display": "100"}, "missing_lines": [], "excluded_lines": [], "start_line": 527}, "DashboardServer._setup_routes.loop_stats": {"executed_lines": [534], "summary": {"covered_lines": 1, "num_statements": 1, "percent_covered": 100.0, "percent_covered_display": "100", "missing_lines": 0, "excluded_lines": 0, "percent_statements_covered": 100.0, "percent_statements_covered_display": "100"}, "missing_lines": [], "excluded_lines": [], "start_line": 532}, "DashboardServer._get_feed_data": {"executed_lines": [542, 550, 551, 552, 553, 556, 557, 558, 559, 561, 562, 563, 564, 565, 566, 568], "summary": {"covered_lines": 16, "num_statements": 16, "percent_covered": 100.0, "percent_covered_display": "100", "missing_lines": 0, "excluded_lines": 0, "percent_statements_covered": 100.0, "percent_statements_covered_display": "100"}, "missing_lines": [], "excluded_lines": [], "start_line": 540}, "DashboardServer._format_condition": {"executed_lines": [], "summary": {"covered_lines": 0, "num_statements": 3, "percent_covered": 0.0, "percent_covered_display": "0", "missing_lines": 3, "excluded_lines": 0, "percent_statements_covered": 0.0, "percent_statements_covered_display": "0"}, "missing_lines": [572, 573, 574], "excluded_lines": [], "start_line": 570}, "DashboardServer._format_coin": {"executed_lines": [578, 579], "summary": {"covered_lines": 2, "num_statements": 3, "percent_covered": 66.66666666666667, "percent_covered_display": "67", "missing_lines": 1, "excluded_lines": 0, "percent_statements_covered": 66.66666666666667, "percent_statements_covered_display": "67"}, "missing_lines": [580], "excluded_lines": [], "start_line": 576}, "DashboardServer._format_pattern": {"executed_lines": [], "summary": {"covered_lines": 0, "num_statements": 3, "percent_covered": 0.0, "percent_covered_display": "0", "missing_lines": 3, "excluded_lines": 0, "percent_statements_covered": 0.0, "percent_statements_covered_display": "0"}, "missing_lines": [584, 585, 586], "excluded_lines": [], "start_line": 582}, "DashboardServer._format_rule": {"executed_lines": [], "summary": {"covered_lines": 0, "num_statements": 3, "percent_covered": 0.0, "percent_covered_display": "0", "missing_lines": 3, "excluded_lines": 0, "percent_statements_covered": 0.0, "percent_statements_covered_display": "0"}, "missing_lines": [590, 591, 592], "excluded_lines": [], "start_line": 588}, "DashboardServer._format_adaptation": {"executed_lines": [596, 598, 599, 600, 601, 602, 603, 604, 611], "summary": {"covered_lines": 9, "num_statements": 17, "percent_covered": 52.94117647058823, "percent_covered_display": "53", "missing_lines": 8, "excluded_lines": 0, "percent_statements_covered": 52.94117647058823, "percent_statements_covered_display": "53"}, "missing_lines": [605, 606, 608, 609, 610, 613, 614, 615], "excluded_lines": [], "start_line": 594}, "DashboardServer.get_health": {"executed_lines": [619], "summary": {"covered_lines": 1, "num_statements": 1, "percent_covered": 100.0, "percent_covered_display": "100", "missing_lines": 0, "excluded_lines": 0, "percent_statements_covered": 100.0, "percent_statements_covered_display": "100"}, "missing_lines": [], "excluded_lines": [], "start_line": 617}, "DashboardServer.start": {"executed_lines": [], "summary": {"covered_lines": 0, "num_statements": 5, "percent_covered": 0.0, "percent_covered_display": "0", "missing_lines": 5, "excluded_lines": 0, "percent_statements_covered": 0.0, "percent_statements_covered_display": "0"}, "missing_lines": [633, 635, 637, 644, 645], "excluded_lines": [], "start_line": 625}, "": {"executed_lines": [14, 15, 16, 17, 18, 19, 21, 22, 23, 24, 25, 30, 37, 38, 39, 42, 43, 46, 47, 50, 51, 54, 55, 58, 59, 66, 74, 102, 111, 540, 570, 576, 582, 588, 594, 617, 625], "summary": {"covered_lines": 37, "num_statements": 37, "percent_covered": 100.0, "percent_covered_display": "100", "missing_lines": 0, "excluded_lines": 2, "percent_statements_covered": 100.0, "percent_statements_covered_display": "100"}, "missing_lines": [], "excluded_lines": [27, 28], "start_line": 1}}, "classes": {"BlacklistRequest": {"executed_lines": [], "summary": {"covered_lines": 0, "num_statements": 0, "percent_covered": 100.0, "percent_covered_display": "100", "missing_lines": 0, "excluded_lines": 0, "percent_statements_covered": 100.0, "percent_statements_covered_display": "100"}, "missing_lines": [], "excluded_lines": [], "start_line": 37}, "UnblacklistRequest": {"executed_lines": [], "summary": {"covered_lines": 0, "num_statements": 0, "percent_covered": 100.0, "percent_covered_display": "100", "missing_lines": 0, "excluded_lines": 0, "percent_statements_covered": 100.0, "percent_statements_covered_display": "100"}, "missing_lines": [], "excluded_lines": [], "start_line": 42}, "PatternToggleRequest": {"executed_lines": [], "summary": {"covered_lines": 0, "num_statements": 0, "percent_covered": 100.0, "percent_covered_display": "100", "missing_lines": 0, "excluded_lines": 0, "percent_statements_covered": 100.0, "percent_statements_covered_display": "100"}, "missing_lines": [], "excluded_lines": [], "start_line": 46}, "RuleToggleRequest": {"executed_lines": [], "summary": {"covered_lines": 0, "num_statements": 0, "percent_covered": 100.0, "percent_covered_display": "100", "missing_lines": 0, "excluded_lines": 0, "percent_statements_covered": 100.0, "percent_statements_covered_display": "100"}, "missing_lines": [], "excluded_lines": [], "start_line": 50}, "RollbackRequest": {"executed_lines": [],
[...]
tements": 11, "percent_covered": 100.0, "percent_covered_display": "100", "missing_lines": 0, "excluded_lines": 0, "percent_statements_covered": 100.0, "percent_statements_covered_display": "100"}, "missing_lines": [], "excluded_lines": [], "start_line": 177}, "VWAPCalculator._filter_to_today": {"executed_lines": [202, 206, 207, 208, 211, 213], "summary": {"covered_lines": 6, "num_statements": 7, "percent_covered": 85.71428571428571, "percent_covered_display": "86", "missing_lines": 1, "excluded_lines": 0, "percent_statements_covered": 85.71428571428571, "percent_statements_covered_display": "86"}, "missing_lines": [203], "excluded_lines": [], "start_line": 200}, "": {"executed_lines": [2, 3, 4, 5, 7, 9, 12, 13, 15, 16, 17, 18, 19, 21, 22, 26, 27, 31, 32, 42, 43, 52, 65, 73, 127, 140, 177, 200], "summary": {"covered_lines": 28, "num_statements": 28, "percent_covered": 100.0, "percent_covered_display": "100", "missing_lines": 0, "excluded_lines": 0, "percent_statements_covered": 100.0, "percent_statements_covered_display": "100"}, "missing_lines": [], "excluded_lines": [], "start_line": 1}}, "classes": {"VWAPData": {"executed_lines": [24, 29, 34, 35, 36, 37, 38, 39, 40, 45, 46, 47, 48, 49], "summary": {"covered_lines": 14, "num_statements": 14, "percent_covered": 100.0, "percent_covered_display": "100", "missing_lines": 0, "excluded_lines": 0, "percent_statements_covered": 100.0, "percent_statements_covered_display": "100"}, "missing_lines": [], "excluded_lines": [], "start_line": 13}, "VWAPCalculator": {"executed_lines": [71, 90, 91, 93, 94, 103, 104, 106, 108, 111, 112, 115, 116, 117, 119, 138, 154, 155, 157, 160, 163, 164, 166, 169, 170, 172, 173, 175, 183, 184, 186, 187, 189, 190, 191, 192, 194, 196, 198, 202, 206, 207, 208, 211, 213], "summary": {"covered_lines": 45, "num_statements": 48, "percent_covered": 93.75, "percent_covered_display": "94", "missing_lines": 3, "excluded_lines": 0, "percent_statements_covered": 93.75, "percent_statements_covered_display": "94"}, "missing_lines": [158, 167, 203], "excluded_lines": [], "start_line": 52}, "": {"executed_lines": [2, 3, 4, 5, 7, 9, 12, 13, 15, 16, 17, 18, 19, 21, 22, 26, 27, 31, 32, 42, 43, 52, 65, 73, 127, 140, 177, 200], "summary": {"covered_lines": 28, "num_statements": 28, "percent_covered": 100.0, "percent_covered_display": "100", "missing_lines": 0, "excluded_lines": 0, "percent_statements_covered": 100.0, "percent_statements_covered_display": "100"}, "missing_lines": [], "excluded_lines": [], "start_line": 1}}}, "src/trading_engine.py": {"executed_lines": [7, 8, 9, 10, 12, 13, 14, 17, 21, 24, 25, 27, 28, 29, 32, 39, 46, 47, 48, 49, 51, 60, 61, 62, 66, 67, 69, 87, 90, 91, 92, 93, 94, 95, 98, 99, 105, 106, 109, 111, 112, 114, 149, 245, 305, 327, 356, 382], "summary": {"covered_lines": 48, "num_statements": 141, "percent_covered": 34.04255319148936, "percent_covered_display": "34", "missing_lines": 93, "excluded_lines": 0, "percent_statements_covered": 34.04255319148936, "percent_statements_covered_display": "34"}, "missing_lines": [100, 101, 102, 125, 128, 135, 138, 144, 145, 147, 159, 162, 163, 164, 165, 166, 169, 170, 172, 173, 176, 177, 178, 179, 180, 183, 184, 185, 188, 190, 191, 194, 207, 211, 222, 225, 226, 227, 228, 229, 230, 233, 234, 240, 241, 243, 253, 255, 256, 258, 259, 260, 263, 264, 265, 266, 269, 270, 271, 272, 273, 275, 276, 277, 284, 287, 291, 292, 293, 294, 302, 303, 311, 312, 313, 321, 325, 336, 337, 338, 346, 347, 348, 350, 354, 365, 366, 367, 376, 380, 388, 389, 391], "excluded_lines": [], "functions": {"TradingEngine.__init__": {"executed_lines": [46, 47, 48, 49], "summary": {"covered_lines": 4, "num_statements": 4, "percent_covered": 100.0, "percent_covered_display": "100", "missing_lines": 0, "excluded_lines": 0, "percent_statements_covered": 100.0, "percent_statements_covered_display": "100"}, "missing_lines": [], "excluded_lines": [], "start_line": 39}, "TradingEngine.get_current_price": {"executed_lines": [60, 61, 62, 66, 67], "summary": {"covered_lines": 5, "num_statements": 5, "percent_covered": 100.0, "percent_covered_display": "100", "missing_lines": 0, "excluded_lines": 0, "percent_statements_covered": 100.0, "percent_statements_covered_display": "100"}, "missing_lines": [], "excluded_lines": [], "start_line": 51}, "TradingEngine.execute_buy": {"executed_lines": [87, 90, 91, 92, 93, 94, 95, 98, 99, 105, 106, 109, 111, 112, 114], "summary": {"covered_lines": 15, "num_statements": 25, "percent_covered": 60.0, "percent_covered_display": "60", "missing_lines": 10, "excluded_lines": 0, "percent_statements_covered": 60.0, "percent_statements_covered_display": "60"}, "missing_lines": [100, 101, 102, 125, 128, 135, 138, 144, 145, 147], "excluded_lines": [], "start_line": 69}, "TradingEngine.close_trade": {"executed_lines": [], "summary": {"covered_lines": 0, "num_statements": 36, "percent_covered": 0.0, "percent_covered_display": "0", "missing_lines": 36, "excluded_lines": 0, "percent_statements_covered": 0.0, "percent_statements_covered_display": "0"}, "missing_lines": [159, 162, 163, 164, 165, 166, 169, 170, 172, 173, 176, 177, 178, 179, 180, 183, 184, 185, 188, 190, 191, 194, 207, 211, 222, 225, 226, 227, 228, 229, 230, 233, 234, 240, 241, 243], "excluded_lines": [], "start_line": 149}, "TradingEngine.update_positions": {"executed_lines": [], "summary": {"covered_lines": 0, "num_statements": 26, "percent_covered": 0.0, "percent_covered_display": "0", "missing_lines": 26, "excluded_lines": 0, "percent_statements_covered": 0.0, "percent_statements_covered_display": "0"}, "missing_lines": [253, 255, 256, 258, 259, 260, 263, 264, 265, 266, 269, 270, 271, 272, 273, 275, 276, 277, 284, 287, 291, 292, 293, 294, 302, 303], "excluded_lines": [], "start_line": 245}, "TradingEngine.get_open_trades": {"executed_lines": [], "summary": {"covered_lines": 0, "num_statements": 5, "percent_covered": 0.0, "percent_covered_display": "0", "missing_lines": 5, "excluded_lines": 0, "percent_statements_covered": 0.0, "percent_statements_covered_display": "0"}, "missing_lines": [311, 312, 313, 321, 325], "excluded_lines": [], "start_line": 305}, "TradingEngine.get_trade_by_id": {"executed_lines": [], "summary": {"covered_lines": 0, "num_statements": 8, "percent_covered": 0.0, "percent_covered_display": "0", "missing_lines": 8, "excluded_lines": 0, "percent_statements_covered": 0.0, "percent_statements_covered_display": "0"}, "missing_lines": [336, 337, 338, 346, 347, 348, 350, 354], "excluded_lines": [], "start_line": 327}, "TradingEngine.get_closed_trades": {"executed_lines": [], "summary": {"covered_lines": 0, "num_statements": 5, "percent_covered": 0.0, "percent_covered_display": "0", "missing_lines": 5, "excluded_lines": 0, "percent_statements_covered": 0.0, "percent_statements_covered_display": "0"}, "missing_lines": [365, 366, 367, 376, 380], "excluded_lines": [], "start_line": 356}, "TradingEngine.get_account_summary": {"executed_lines": [], "summary": {"covered_lines": 0, "num_statements": 3, "percent_covered": 0.0, "percent_covered_display": "0", "missing_lines": 3, "excluded_lines": 0, "percent_statements_covered": 0.0, "percent_statements_covered_display": "0"}, "missing_lines": [388, 389, 391], "excluded_lines": [], "start_line": 382}, "": {"executed_lines": [7, 8, 9, 10, 12, 13, 14, 17, 21, 24, 25, 27, 28, 29, 32, 39, 51, 69, 149, 245, 305, 327, 356, 382], "summary": {"covered_lines": 24, "num_statements": 24, "percent_covered": 100.0, "percent_covered_display": "100", "missing_lines": 0, "excluded_lines": 0, "percent_statements_covered": 100.0, "percent_statements_covered_display": "100"}, "missing_lines": [], "excluded_lines": [], "start_line": 1}}, "classes": {"TradeResult": {"executed_lines": [], "summary": {"covered_lines": 0, "num_statements": 0, "percent_covered": 100.0, "percent_covered_display": "100", "missing_lines": 0, "excluded_lines": 0, "percent_statements_covered": 100.0, "percent_statements_covered_display": "100"}, "missing_lines": [], "excluded_lines": [], "start_line": 25}, "TradingEngine": {"executed_lines": [46, 47, 48, 49, 60, 61, 62, 66, 67, 87, 90, 91, 92, 93, 94, 95, 98, 99, 105, 106, 109, 111, 112, 114], "summary": {"covered_lines": 24, "num_statements": 117, "percent_covered": 20.512820512820515, "percent_covered_display": "21", "missing_lines": 93, "excluded_lines": 0, "percent_statements_covered": 20.512820512820515, "percent_statements_covered_display": "21"}, "missing_lines": [100, 101, 102, 125, 128, 135, 138, 144, 145, 147, 159, 162, 163, 164, 165, 166, 169, 170, 172, 173, 176, 177, 178, 179, 180, 183, 184, 185, 188, 190, 191, 194, 207, 211, 222, 225, 226, 227, 228, 229, 230, 233, 234, 240, 241, 243, 253, 255, 256, 258, 259, 260, 263, 264, 265, 266, 269, 270, 271, 272, 273, 275, 276, 277, 284, 287, 291, 292, 293, 294, 302, 303, 311, 312, 313, 321, 325, 336, 337, 338, 346, 347, 348, 350, 354, 365, 366, 367, 376, 380, 388, 389, 391], "excluded_lines": [], "start_line": 32}, "": {"executed_lines": [7, 8, 9, 10, 12, 13, 14, 17, 21, 24, 25, 27, 28, 29, 32, 39, 51, 69, 149, 245, 305, 327, 356, 382], "summary": {"covered_lines": 24, "num_statements": 24, "percent_covered": 100.0, "percent_covered_display": "100", "missing_lines": 0, "excluded_lines": 0, "percent_statements_covered": 100.0, "percent_statements_covered_display": "100"}, "missing_lines": [], "excluded_lines": [], "start_line": 1}}}, "src/volatility.py": {"executed_lines": [15, 16, 17, 18, 20, 21, 24, 28, 32, 41, 48, 49, 52, 55, 62, 68, 69, 70, 71, 73, 75, 76, 77, 85, 89, 91, 99, 103, 121, 145, 168, 178, 223, 275, 289, 320, 344, 369, 396, 430, 436, 444], "summary": {"covered_lines": 42, "num_statements": 180, "percent_covered": 23.333333333333332, "percent_covered_display": "23", "missing_lines": 138, "excluded_lines": 0, "percent_statements_covered": 23.333333333333332, "percent_statements_covered_display": "23"}, "missing_lines": [93, 94, 95, 96, 97, 101, 110, 111, 113, 114, 115, 119, 130, 131, 132, 133, 134, 135, 139, 140, 142, 143, 157, 158, 159, 166, 170, 171, 172, 176, 190, 191, 192, 193, 195, 197, 199, 200, 203, 204, 205, 206, 207, 208, 210, 211, 212, 215, 216, 217, 220, 221, 241, 242, 243, 244, 246, 249, 250, 251, 252, 256, 257, 258, 262, 265, 268, 269, 272, 273, 284, 285, 286, 287, 303, 304, 305, 308, 309, 312, 315, 317, 318, 332, 333, 334, 336, 355, 356, 357, 361, 362, 364, 365, 367, 375, 376, 377, 378, 380, 381, 382, 383, 384, 386, 394, 402, 403, 406, 407, 410, 411, 414, 415, 418, 420, 432, 433, 438, 439, 440, 445, 446, 447, 449, 452, 453, 454, 455, 456, 459, 460, 461, 462, 463, 464, 467, 468], "excluded_lines": [], "functions": {"VolatilityCalculator.__init__": {"executed_lines": [68, 69, 70, 71], "summary": {"covered_lines": 4, "num_statements": 4, "percent_covered": 100.0, "percent_covered_display": "100", "missing_lines": 0, "excluded_lines": 0, "percent_statements_covered": 100.0, "percent_statements_covered_display": "100"}, "missing_lines": [], "excluded_lines": [], "start_line": 62}, "VolatilityCalculator._ensure_tables": {"executed_lines": [75, 76, 77, 85, 89], "summary": {"covered_lines": 5, "num_statements": 5, "percent_covered": 100.0, "percent_covered_display": "100", "missing_lines": 0, "excluded_lines": 0, "percent_statements_covered": 100.0, "percent_statements_covered_display": "100"}, "missing_lines": [], "excluded_lines": [], "start_line": 73}, "VolatilityCalculator._get_cached": {"executed_lines": [], "summary": {"covered_lines": 0, "num_statements": 5, "percent_covered": 0.0, "percent_covered_display": "0", "missing_lines": 5, "excluded_lines": 0, "percent_statements_covered": 0.0, "percent_statements_covered_display": "0"}, "missing_lines": [93, 94, 95, 96, 97], "excluded_lines": [], "start_line": 91}, "VolatilityCalculator._set_cached": {"executed_lines": [], "summary": {"covered_lines": 0, "num_statements": 1, "percent_covered": 0.0, "percent_covered_display": "0", "missing_lines": 1, "excluded_lines": 0, "percent_statements_covered": 0.0, "percent_statements_covered_display": "0"}, "missing_lines": [101], "excluded_lines": [], "start_line": 99}, "VolatilityCalculator.record_price": {"executed_lines": [], "summary": {"covered_lines": 0, "num_statements": 6, "percent_covered": 0.0, "percent_covered_display": "0", "missing_lines": 6, "excluded_lines": 0, "percent_statements_covered": 0.0, "percent_statements_covered_display": "0"}, "missing_lines": [110, 111, 113, 114, 115, 119], "excluded_lines": [], "start_line": 103}, "VolatilityCalculator.record_all_prices": {"executed_lines": [], "summary": {"covered_lines": 0, "num_statements": 10, "percent_covered": 0.0, "percent_covered_display": "0", "missing_lines": 10, "excluded_lines": 0, "percent_statements_covered": 0.0, "percent_statements_covered_display": "0"}, "missing_lines": [130, 131, 132, 133, 134, 135, 139, 140, 142, 143], "excluded_lines": [], "start_line": 121}, "VolatilityCalculator.get_price_history": {"executed_lines": [], "summary": {"covered_lines": 0, "num_statements": 4, "percent_covered": 0.0, "percent_covered_display": "0", "missing_lines": 4, "excluded_lines": 0, "percent_statements_covered": 0.0, "percent_statements_covered_display": "0"}, "missing_lines": [157, 158, 159, 166], "excluded_lines": [], "start_line": 145}, "VolatilityCalculator.get_history_count": {"executed_lines": [], "summary": {"covered_lines": 0, "num_statements": 4, "percent_covered": 0.0, "percent_covered_display": "0", "missing_lines": 4, "excluded_lines": 0, "percent_statements_covered": 0.0, "percent_statements_covered_display": "0"}, "missing_lines": [170, 171, 172, 176], "excluded_lines": [], "start_line": 168}, "VolatilityCalculator.calculate_volatility": {"executed_lines": [], "summary": {"covered_lines": 0, "num_statements": 22, "percent_covered": 0.0, "percent_covered_display": "0", "missing_lines": 22, "excluded_lines": 0, "percent_statements_covered": 0.0, "percent_statements_covered_display": "0"}, "missing_lines": [190, 191, 192, 193, 195, 197, 199, 200, 203, 204, 205, 206, 207, 208, 210, 211, 212, 215, 216, 217, 220, 221], "excluded_lines": [], "start_line": 178}, "VolatilityCalculator.calculate_volatility_score": {"executed_lines": [], "summary": {"covered_lines": 0, "num_statements": 18, "percent_covered": 0.0, "percent_covered_display": "0", "missing_lines": 18, "excluded_lines": 0, "percent_statements_covered": 0.0, "percent_statements_covered_display": "0"}, "missing_lines": [241, 242, 243, 244, 246, 249, 250, 251, 252, 256, 257, 258, 262, 265, 268, 269, 272, 273], "excluded_lines": [], "start_line": 223}, "VolatilityCalculator.get_volatility_multiplier": {"executed_lines": [], "summary": {"covered_lines": 0, "num_statements": 4, "percent_covered": 0.0, "percent_covered_display": "0", "missing_lines": 4, "excluded_lines": 0, "percent_statements_covered": 0.0, "percent_statements_covered_display": "0"}, "missing_lines": [284, 285, 286, 287], "excluded_lines": [], "start_line": 275}, "VolatilityCalculator.calculate_dynamic_stop_loss": {"executed_lines": [], "summary": {"covered_lines": 0, "num_statements": 9, "percent_covered": 0.0, "percent_covered_display": "0", "missing_lines": 9, "excluded_lines": 0, "percent_statements_covered": 0.0, "percent_statements_covered_display": "0"}, "missing_lines": [303, 304, 305, 308, 309, 312, 315, 317, 318], "excluded_lines": [], "start_line": 289}, "VolatilityCalculator.get_adjusted_position_size": {"executed_lines": [], "summary": {"covered_lines": 0, "num_statements": 4, "percent_covered": 0.0, "percent_covered_display": "0", "missing_lines": 4, "excluded_lines": 0, "percent_statements_covered": 0.0, "percent_statements_covered_display": "0"}, "missing_lines": [332, 333, 334, 336], "excluded_lines": [], "start_line": 320}, "VolatilityCalculator.cleanup_old_history": {"executed_lines": [], "summary": {"covered_lines": 0, "num_statements": 8, "percent_covered": 0.0, "percent_covered_display": "0", "missing_lines": 8, "excluded_lines": 0, "percent_statements_covered": 0.0, "percent_statements_covered_display": "0"}, "missing_lines": [355, 356, 357, 361, 362, 364, 365, 367], "excluded_lines": [], "start_line": 344}, "VolatilityCalculator.get_volatility_summary": {"executed_lines": [], "summary": {"covered_lines": 0, "num_statements": 11, "percent_covered": 0.0, "percent_covered_display": "0", "missing_lines": 11, "excluded_lines": 0, "percent_statements_covered": 0.0, "percent_statements_covered_display": "0"}, "missing_lines": [375, 376, 377, 378, 380, 381, 382, 383, 384, 386, 394], "excluded_lines": [], "start_line": 369}, "VolatilityCalculator.get_database_stats": {"executed_lines": [], "summary": {"covered_lines": 0, "num_statements": 10, "percent_covered": 0.0, "percent_covered_display": "0", "missing_lines": 10, "excluded_lines": 0, "percent_statements_covered": 0.0, "percent_statements_covered_display": "0"}, "missing_lines": [402, 403, 406, 407, 410, 411, 414, 415, 418, 420], "excluded_lines": [], "start_line": 396}, "get_volatility_score": {"executed_lines": [], "summary": {"covered_lines": 0, "num_statements": 2, "percent_covered": 0.0, "percent_covered_display": "0", "missing_lines": 2, "excluded_lines": 0, "percent_statements_covered": 0.0, "percent_statements_covered_display": "0"}, "missing_lines": [432, 433], "excluded_lines": [], "start_line": 430}, "get_position_multiplier": {"executed_lines": [], "summary": {"covered_lines": 0, "num_statements": 3, "percent_covered": 0.0, "percent_covered_display": "0", "missing_lines": 3, "excluded_lines": 0, "percent_statements_covered": 0.0, "percent_statements_covered_display": "0"}, "missing_lines": [438, 439, 440], "excluded_lines": [], "start_line": 436}, "": {"executed_lines": [15, 16, 17, 18, 20, 21, 24, 28, 32, 41, 48, 49, 52, 55, 62, 73, 91, 99, 103, 121, 145, 168, 178, 223, 275, 289, 320, 344, 369, 396, 430, 436, 444], "summary": {"covered_lines": 33, "num_statements": 50, "percent_covered": 66.0, "percent_covered_display": "66", "missing_lines": 17, "excluded_lines": 0, "percent_statements_covered": 66.0, "percent_statements_covered_display": "66"}, "missing_lines": [445, 446, 447, 449, 452, 453, 454, 455, 456, 459, 460, 461, 462, 463, 464, 467, 468], "excluded_lines": [], "start_line": 1}}, "classes": {"VolatilityCalculator": {"executed_lines": [68, 69, 70, 71, 75, 76, 77, 85, 89], "summary": {"covered_lines": 9, "num_statements": 125, "percent_covered": 7.2, "percent_covered_display": "7", "missing_lines": 116, "excluded_lines": 0, "percent_statements_covered": 7.2, "percent_statements_covered_display": "7"}, "missing_lines": [93, 94, 95, 96, 97, 101, 110, 111, 113, 114, 115, 119, 130, 131, 132, 133, 134, 135, 139, 140, 142, 143, 157, 158, 159, 166, 170, 171, 172, 176, 190, 191, 192, 193, 195, 197, 199, 200, 203, 204, 205, 206, 207, 208, 210, 211, 212, 215, 216, 217, 220, 221, 241, 242, 243, 244, 246, 249, 250, 251, 252, 256, 257, 258, 262, 265, 268, 269, 272, 273, 284, 285, 286, 287, 303, 304, 305, 308, 309, 312, 315, 317, 318, 332, 333, 334, 336, 355, 356, 357, 361, 362, 364, 365, 367, 375, 376, 377, 378, 380, 381, 382, 383, 384, 386, 394, 402, 403, 406, 407, 410, 411, 414, 415, 418, 420], "excluded_lines": [], "start_line": 55}, "": {"executed_lines": [15, 16, 17, 18, 20, 21, 24, 28, 32, 41, 48, 49, 52, 55, 62, 73, 91, 99, 103, 121, 145, 168, 178, 223, 275, 289, 320, 344, 369, 396, 430, 436, 444], "summary": {"covered_lines": 33, "num_statements": 55, "percent_covered": 60.0, "percent_covered_display": "60", "missing_lines": 22, "excluded_lines": 0, "percent_statements_covered": 60.0, "percent_statements_covered_display": "60"}, "missing_lines": [432, 433, 438, 439, 440, 445, 446, 447, 449, 452, 453, 454, 455, 456, 459, 460, 461, 462, 463, 464, 467, 468], "excluded_lines": [], "start_line": 1}}}}, "totals": {"covered_lines": 5860, "num_statements": 9160, "percent_covered": 63.97379912663755, "percent_covered_display": "64", "missing_lines": 3300, "excluded_lines": 18, "percent_statements_covered": 63.97379912663755, "percent_statements_covered_display": "64"}}